Using pre-set license
Built from '2020.3/staging' branch; Version is '2020.3.30f1 (1fb1bf06830e) revision 2077119'; Using compiler version '192528614'; Build Type 'Release'
OS: 'Windows 10  (10.0.19044) 64bit Core' Language: 'en' Physical Memory: 7990 MB
BatchMode: 1, IsHumanControllingUs: 0, StartBugReporterOnCrash: 0, Is64bit: 1, IsPro: 0

COMMAND LINE ARGUMENTS:
C:\Program Files\Unity\Hub\Editor\2020.3.30f1\Editor\Unity.exe
-adb2
-batchMode
-noUpm
-name
AssetImportWorker0
-projectPath
C:/Users/tanyu/OneDrive/Desktop/Germaine/Uni/Y3/SEM2/CS3247/group-project
-logFile
Logs/AssetImportWorker0.log
-srvPort
50585
Successfully changed project path to: C:/Users/tanyu/OneDrive/Desktop/Germaine/Uni/Y3/SEM2/CS3247/group-project
C:/Users/tanyu/OneDrive/Desktop/Germaine/Uni/Y3/SEM2/CS3247/group-project
Using Asset Import Pipeline V2.
Refreshing native plugins compatible for Editor in 305.56 ms, found 3 plugins.
Preloading 0 native plugins for Editor in 0.00 ms.
Initialize engine version: 2020.3.30f1 (1fb1bf06830e)
[Subsystems] Discovering subsystems at path C:/Program Files/Unity/Hub/Editor/2020.3.30f1/Editor/Data/Resources/UnitySubsystems
[Subsystems] Discovering subsystems at path C:/Users/tanyu/OneDrive/Desktop/Germaine/Uni/Y3/SEM2/CS3247/group-project/Assets
GfxDevice: creating device client; threaded=0
Direct3D:
    Version:  Direct3D 11.0 [level 11.1]
    Renderer: Intel(R) UHD Graphics 620 (ID=0x3ea0)
    Vendor:   
    VRAM:     3995 MB
    Driver:   25.20.100.6444
Initialize mono
Mono path[0] = 'C:/Program Files/Unity/Hub/Editor/2020.3.30f1/Editor/Data/Managed'
Mono path[1] = 'C:/Program Files/Unity/Hub/Editor/2020.3.30f1/Editor/Data/MonoBleedingEdge/lib/mono/unityjit'
Mono config path = 'C:/Program Files/Unity/Hub/Editor/2020.3.30f1/Editor/Data/MonoBleedingEdge/etc'
Using monoOptions --debugger-agent=transport=dt_socket,embedding=1,server=y,suspend=n,address=127.0.0.1:56288
Begin MonoManager ReloadAssembly
Registering precompiled unity dll's ...
Register platform support module: C:/Program Files/Unity/Hub/Editor/2020.3.30f1/Editor/Data/PlaybackEngines/WindowsStandaloneSupport/UnityEditor.WindowsStandalone.Extensions.dll
Registered in 0.006096 seconds.
Native extension for WindowsStandalone target not found
Refreshing native plugins compatible for Editor in 62.14 ms, found 3 plugins.
Preloading 0 native plugins for Editor in 0.00 ms.
Mono: successfully reloaded assembly
- Completed reload, in  0.950 seconds
Domain Reload Profiling:
	ReloadAssembly (950ms)
		BeginReloadAssembly (180ms)
			ExecutionOrderSort (0ms)
			DisableScriptedObjects (0ms)
			BackupInstance (0ms)
			ReleaseScriptingObjects (0ms)
			CreateAndSetChildDomain (1ms)
		EndReloadAssembly (662ms)
			LoadAssemblies (176ms)
			RebuildTransferFunctionScriptingTraits (0ms)
			SetupTypeCache (214ms)
			ReleaseScriptCaches (0ms)
			RebuildScriptCaches (39ms)
			SetupLoadedEditorAssemblies (248ms)
				LogAssemblyErrors (0ms)
				InitializePlatformSupportModulesInManaged (7ms)
				SetLoadedEditorAssemblies (0ms)
				RefreshPlugins (62ms)
				BeforeProcessingInitializeOnLoad (27ms)
				ProcessInitializeOnLoadAttributes (114ms)
				ProcessInitializeOnLoadMethodAttributes (37ms)
				AfterProcessingInitializeOnLoad (0ms)
				EditorAssembliesLoaded (0ms)
			ExecutionOrderSort2 (0ms)
			AwakeInstancesAfterBackupRestoration (0ms)
Platform modules already initialized, skipping
Registering precompiled user dll's ...
Registered in 0.013229 seconds.
Begin MonoManager ReloadAssembly
Native extension for WindowsStandalone target not found
Refreshing native plugins compatible for Editor in 72.24 ms, found 3 plugins.
Preloading 0 native plugins for Editor in 0.00 ms.
Mono: successfully reloaded assembly
- Completed reload, in  1.690 seconds
Domain Reload Profiling:
	ReloadAssembly (1692ms)
		BeginReloadAssembly (227ms)
			ExecutionOrderSort (0ms)
			DisableScriptedObjects (5ms)
			BackupInstance (0ms)
			ReleaseScriptingObjects (0ms)
			CreateAndSetChildDomain (30ms)
		EndReloadAssembly (1355ms)
			LoadAssemblies (211ms)
			RebuildTransferFunctionScriptingTraits (0ms)
			SetupTypeCache (399ms)
			ReleaseScriptCaches (1ms)
			RebuildScriptCaches (74ms)
			SetupLoadedEditorAssemblies (526ms)
				LogAssemblyErrors (0ms)
				InitializePlatformSupportModulesInManaged (5ms)
				SetLoadedEditorAssemblies (0ms)
				RefreshPlugins (72ms)
				BeforeProcessingInitializeOnLoad (132ms)
				ProcessInitializeOnLoadAttributes (277ms)
				ProcessInitializeOnLoadMethodAttributes (28ms)
				AfterProcessingInitializeOnLoad (11ms)
				EditorAssembliesLoaded (0ms)
			ExecutionOrderSort2 (0ms)
			AwakeInstancesAfterBackupRestoration (9ms)
Platform modules already initialized, skipping
========================================================================
Worker process is ready to serve import requests
Launched and connected shader compiler UnityShaderCompiler.exe after 0.11 seconds
Refreshing native plugins compatible for Editor in 0.89 ms, found 3 plugins.
Preloading 0 native plugins for Editor in 0.00 ms.
Unloading 2199 Unused Serialized files (Serialized files now loaded: 0)
System memory in use before: 96.1 MB.
System memory in use after: 96.1 MB.

Unloading 31 unused Assets to reduce memory usage. Loaded Objects now: 2629.
Total: 8.933300 ms (FindLiveObjects: 0.201900 ms CreateObjectMapping: 0.088800 ms MarkObjects: 8.443400 ms  DeleteObjects: 0.197500 ms)

AssetImportParameters requested are different than current active one (requested -> active):
  custom:framework-win-MediaFoundation: 216162199b28c13a410421893ffa2e32 -> 
  custom:video-decoder-ogg-theora: a1e56fd34408186e4bbccfd4996cb3dc -> 
  custom:container-muxer-webm: aa71ff27fc2769a1b78a27578f13a17b -> 
  custom:container-demuxer-webm: 4f35f7cbe854078d1ac9338744f61a02 -> 
  custom:container-demuxer-ogg: 62fdf1f143b41e24485cea50d1cbac27 -> 
  custom:video-encoder-webm-vp8: eb34c28f22e8b96e1ab97ce403110664 -> 
  custom:video-decoder-webm-vp8: 9c59270c3fd7afecdb556c50c9e8de78 -> 
  custom:audio-decoder-ogg-vorbis: bf7c407c2cedff20999df2af8eb42d56 -> 
  custom:audio-encoder-webm-vorbis: bf7c407c2cedff20999df2af8eb42d56 -> 
========================================================================
Received Import Request.
  path: Assets/Art/Slime/Jump/Jump08.png
  artifactKey: Guid(3bf6fa78488bcf446b92b91725838803) Importer(815301076,1909f56bfc062723c751e8b465ee728b)
Start importing Assets/Art/Slime/Jump/Jump08.png using Guid(3bf6fa78488bcf446b92b91725838803) Importer(815301076,1909f56bfc062723c751e8b465ee728b)  -> (artifact id: '9bd252c689bc4b59871267802d492cfd') in 0.131466 seconds 
========================================================================
Received Import Request.
  Time since last request: 0.000721 seconds.
  path: Assets/Art/Slime/Jump/Jump01.png
  artifactKey: Guid(bedcd5735e0f5a946a5d387da8942def) Importer(815301076,1909f56bfc062723c751e8b465ee728b)
Start importing Assets/Art/Slime/Jump/Jump01.png using Guid(bedcd5735e0f5a946a5d387da8942def) Importer(815301076,1909f56bfc062723c751e8b465ee728b)  -> (artifact id: '85d7e4af184feb80b4235519bc5fe666') in 0.020229 seconds 
========================================================================
Received Import Request.
  Time since last request: 0.000488 seconds.
  path: Assets/Art/Slime/Sleep/Sleep04.png
  artifactKey: Guid(19aa2da42762e014789a0d6647cb28ff) Importer(815301076,1909f56bfc062723c751e8b465ee728b)
Start importing Assets/Art/Slime/Sleep/Sleep04.png using Guid(19aa2da42762e014789a0d6647cb28ff) Importer(815301076,1909f56bfc062723c751e8b465ee728b)  -> (artifact id: '09527aba000593e31ba9046700269f57') in 0.021904 seconds 
========================================================================
Received Import Request.
  Time since last request: 0.000762 seconds.
  path: Assets/Art/Slime/Jump/Jump07.png
  artifactKey: Guid(3072d2b71641cf041a278601cc17c19a) Importer(815301076,1909f56bfc062723c751e8b465ee728b)
Start importing Assets/Art/Slime/Jump/Jump07.png using Guid(3072d2b71641cf041a278601cc17c19a) Importer(815301076,1909f56bfc062723c751e8b465ee728b)  -> (artifact id: '672c7e4f10fa9ab5c80280520a9810e1') in 0.020649 seconds 
========================================================================
Received Import Request.
  Time since last request: 0.000383 seconds.
  path: Assets/Art/Slime/Jump/Jump06.png
  artifactKey: Guid(d932d95626169104391da63f0aa94783) Importer(815301076,1909f56bfc062723c751e8b465ee728b)
Start importing Assets/Art/Slime/Jump/Jump06.png using Guid(d932d95626169104391da63f0aa94783) Importer(815301076,1909f56bfc062723c751e8b465ee728b)  -> (artifact id: 'ec911fae19c0d6abf1c3bf09e6635867') in 0.018513 seconds 
========================================================================
Received Import Request.
  Time since last request: 0.000586 seconds.
  path: Assets/Art/Slime/Sleep/Sleep06.png
  artifactKey: Guid(22075cc06c45c45498ce3374b1c96979) Importer(815301076,1909f56bfc062723c751e8b465ee728b)
Start importing Assets/Art/Slime/Sleep/Sleep06.png using Guid(22075cc06c45c45498ce3374b1c96979) Importer(815301076,1909f56bfc062723c751e8b465ee728b)  -> (artifact id: '95de565a32605b4a6816aeaeec8d4844') in 0.018445 seconds 
========================================================================
Received Import Request.
  Time since last request: 0.000646 seconds.
  path: Assets/Art/Slime/Jump/Jump04.png
  artifactKey: Guid(409f487957940e644bdfd72112c14aa1) Importer(815301076,1909f56bfc062723c751e8b465ee728b)
Start importing Assets/Art/Slime/Jump/Jump04.png using Guid(409f487957940e644bdfd72112c14aa1) Importer(815301076,1909f56bfc062723c751e8b465ee728b)  -> (artifact id: '05645397dcbdf3bad3b243317ce6cc3e') in 0.018873 seconds 
========================================================================
Received Import Request.
  Time since last request: 0.000343 seconds.
  path: Assets/Art/Slime/Sleep/Sleep03.png
  artifactKey: Guid(b8d8dca1d430cfd46859b59e34a4d08e) Importer(815301076,1909f56bfc062723c751e8b465ee728b)
Start importing Assets/Art/Slime/Sleep/Sleep03.png using Guid(b8d8dca1d430cfd46859b59e34a4d08e) Importer(815301076,1909f56bfc062723c751e8b465ee728b)  -> (artifact id: '604c06b3dbfd9dfe6952c83baf1391c9') in 0.032600 seconds 
========================================================================
Received Import Request.
  Time since last request: 0.000284 seconds.
  path: Assets/Art/Slime/Jump/Jump09.png
  artifactKey: Guid(d62020c281bad4347bd8c474449d786f) Importer(815301076,1909f56bfc062723c751e8b465ee728b)
Start importing Assets/Art/Slime/Jump/Jump09.png using Guid(d62020c281bad4347bd8c474449d786f) Importer(815301076,1909f56bfc062723c751e8b465ee728b)  -> (artifact id: 'c7b7ec8c8f3d52017182b1e85b067986') in 0.029672 seconds 
========================================================================
Received Import Request.
  Time since last request: 0.000276 seconds.
  path: Assets/Art/Slime/Jump/Jump02.png
  artifactKey: Guid(06b80deab58ac2a428d751d6e565926d) Importer(815301076,1909f56bfc062723c751e8b465ee728b)
Start importing Assets/Art/Slime/Jump/Jump02.png using Guid(06b80deab58ac2a428d751d6e565926d) Importer(815301076,1909f56bfc062723c751e8b465ee728b)  -> (artifact id: '863bbd68b48df86ac026f4db0cdf4cc9') in 0.024602 seconds 
========================================================================
Received Import Request.
  Time since last request: 0.000319 seconds.
  path: Assets/Art/Slime/Jump/Jump03.png
  artifactKey: Guid(411bfa28278b0b54cabcbbfe948d2ef0) Importer(815301076,1909f56bfc062723c751e8b465ee728b)
Start importing Assets/Art/Slime/Jump/Jump03.png using Guid(411bfa28278b0b54cabcbbfe948d2ef0) Importer(815301076,1909f56bfc062723c751e8b465ee728b)  -> (artifact id: '7b9e7be1cbc5f0f4eda4f155a8b40821') in 0.030916 seconds 
========================================================================
Received Import Request.
  Time since last request: 0.000591 seconds.
  path: Assets/Art/Slime/Sleep/Sleep01.png
  artifactKey: Guid(4c65fb9db70f3ef4a845982ed8949ddd) Importer(815301076,1909f56bfc062723c751e8b465ee728b)
Start importing Assets/Art/Slime/Sleep/Sleep01.png using Guid(4c65fb9db70f3ef4a845982ed8949ddd) Importer(815301076,1909f56bfc062723c751e8b465ee728b)  -> (artifact id: '3a925e6a2803ed36d95adbbefc39fac2') in 0.027890 seconds 
========================================================================
Received Import Request.
  Time since last request: 0.000258 seconds.
  path: Assets/Art/Slime/Sleep/Sleep02.png
  artifactKey: Guid(9d1d07b6b1eb6a445ab163569bb3bd19) Importer(815301076,1909f56bfc062723c751e8b465ee728b)
Start importing Assets/Art/Slime/Sleep/Sleep02.png using Guid(9d1d07b6b1eb6a445ab163569bb3bd19) Importer(815301076,1909f56bfc062723c751e8b465ee728b)  -> (artifact id: '2b50fe09f9d679885dfe9cfdd76b8e72') in 0.024336 seconds 
========================================================================
Received Import Request.
  Time since last request: 0.000309 seconds.
  path: Assets/Art/Slime/Sleep/Sleep05.png
  artifactKey: Guid(9c21b8b1727527c41a432b48ce0858c2) Importer(815301076,1909f56bfc062723c751e8b465ee728b)
Start importing Assets/Art/Slime/Sleep/Sleep05.png using Guid(9c21b8b1727527c41a432b48ce0858c2) Importer(815301076,1909f56bfc062723c751e8b465ee728b)  -> (artifact id: '7a40df502b69452743eb5adfcb425f45') in 0.023616 seconds 
========================================================================
Received Import Request.
  Time since last request: 0.000283 seconds.
  path: Assets/Art/Slime/Jump/Jump05.png
  artifactKey: Guid(8a9808fdb88e3fe4db268c2ba8fde6ac) Importer(815301076,1909f56bfc062723c751e8b465ee728b)
Start importing Assets/Art/Slime/Jump/Jump05.png using Guid(8a9808fdb88e3fe4db268c2ba8fde6ac) Importer(815301076,1909f56bfc062723c751e8b465ee728b)  -> (artifact id: '962423c9d35319ab6759c61be68a9e76') in 0.026355 seconds 
========================================================================
Received Import Request.
  Time since last request: 156.534739 seconds.
  path: Assets/Art/TopDownCharacter/Character/Character_Up.png
  artifactKey: Guid(86086a0ce139e5246b4612204f920d56) Importer(815301076,1909f56bfc062723c751e8b465ee728b)
Start importing Assets/Art/TopDownCharacter/Character/Character_Up.png using Guid(86086a0ce139e5246b4612204f920d56) Importer(815301076,1909f56bfc062723c751e8b465ee728b)  -> (artifact id: '868557610f0519e42b0dbb2e541bf9f2') in 0.042674 seconds 
========================================================================
Received Import Request.
  Time since last request: 1.937686 seconds.
  path: Assets/Art/TopDownCharacter/Character/Character_UpLeft.png
  artifactKey: Guid(cc799f93566cb1a46a3bbedab4347fe3) Importer(815301076,1909f56bfc062723c751e8b465ee728b)
Start importing Assets/Art/TopDownCharacter/Character/Character_UpLeft.png using Guid(cc799f93566cb1a46a3bbedab4347fe3) Importer(815301076,1909f56bfc062723c751e8b465ee728b)  -> (artifact id: '6d63836616c4e2532be11f674559414a') in 0.055581 seconds 
========================================================================
Received Import Request.
  Time since last request: 0.000623 seconds.
  path: Assets/Art/TopDownCharacter/Character/Character_UpRight.png
  artifactKey: Guid(d9423b9efe03c1a4d844430cc1ca2b32) Importer(815301076,1909f56bfc062723c751e8b465ee728b)
Start importing Assets/Art/TopDownCharacter/Character/Character_UpRight.png using Guid(d9423b9efe03c1a4d844430cc1ca2b32) Importer(815301076,1909f56bfc062723c751e8b465ee728b)  -> (artifact id: 'bcda75e405d1800aecf4270604c1f513') in 0.047871 seconds 
========================================================================
Received Import Request.
  Time since last request: 1.186689 seconds.
  path: Assets/Art/Slime/spin/Spin01.png
  artifactKey: Guid(ea9d74244fa61944fb020b6003edd9aa) Importer(815301076,1909f56bfc062723c751e8b465ee728b)
Start importing Assets/Art/Slime/spin/Spin01.png using Guid(ea9d74244fa61944fb020b6003edd9aa) Importer(815301076,1909f56bfc062723c751e8b465ee728b)  -> (artifact id: 'df57d219c8e172c5055658e434d09565') in 0.035502 seconds 
========================================================================
Received Import Request.
  Time since last request: 0.000324 seconds.
  path: Assets/Art/Slime/spin/Spin02.png
  artifactKey: Guid(7b336faa5d8c1764daa4a0db7cc5a5ac) Importer(815301076,1909f56bfc062723c751e8b465ee728b)
Start importing Assets/Art/Slime/spin/Spin02.png using Guid(7b336faa5d8c1764daa4a0db7cc5a5ac) Importer(815301076,1909f56bfc062723c751e8b465ee728b)  -> (artifact id: '297a7ae1cf2ab6e209df830d3aec643f') in 0.035897 seconds 
========================================================================
Received Import Request.
  Time since last request: 0.172164 seconds.
  path: Assets/Art/Slime/spin/Spin03.png
  artifactKey: Guid(83d4462323f8bab45b5d00284ea90195) Importer(815301076,1909f56bfc062723c751e8b465ee728b)
Start importing Assets/Art/Slime/spin/Spin03.png using Guid(83d4462323f8bab45b5d00284ea90195) Importer(815301076,1909f56bfc062723c751e8b465ee728b)  -> (artifact id: '1035f90df2fe05632af54f4b92b0b2ae') in 0.034696 seconds 
========================================================================
Received Import Request.
  Time since last request: 0.000318 seconds.
  path: Assets/Art/Slime/spin/Spin04.png
  artifactKey: Guid(c0a86bdf21facd04682c57261d63444e) Importer(815301076,1909f56bfc062723c751e8b465ee728b)
Start importing Assets/Art/Slime/spin/Spin04.png using Guid(c0a86bdf21facd04682c57261d63444e) Importer(815301076,1909f56bfc062723c751e8b465ee728b)  -> (artifact id: 'b7068c98ee17a71311b60cfe08bac8b9') in 0.030649 seconds 
========================================================================
Received Import Request.
  Time since last request: 0.000492 seconds.
  path: Assets/Art/Slime/spin/Spin06.png
  artifactKey: Guid(1da4e849147941c4c8214300e91ae2d5) Importer(815301076,1909f56bfc062723c751e8b465ee728b)
Start importing Assets/Art/Slime/spin/Spin06.png using Guid(1da4e849147941c4c8214300e91ae2d5) Importer(815301076,1909f56bfc062723c751e8b465ee728b)  -> (artifact id: 'bc5840e73eea81fc88037d79853b483b') in 0.027599 seconds 
========================================================================
Received Import Request.
  Time since last request: 0.000330 seconds.
  path: Assets/Art/Slime/spin/Spin08.png
  artifactKey: Guid(3a3208adc11c3db40ae02b698d5c78d9) Importer(815301076,1909f56bfc062723c751e8b465ee728b)
Start importing Assets/Art/Slime/spin/Spin08.png using Guid(3a3208adc11c3db40ae02b698d5c78d9) Importer(815301076,1909f56bfc062723c751e8b465ee728b)  -> (artifact id: '1f2183d1cff10fad1883a72945f3ff65') in 0.026947 seconds 
========================================================================
Received Import Request.
  Time since last request: 0.000350 seconds.
  path: Assets/Art/Slime/spin/Spin07.png
  artifactKey: Guid(56eb03fc1c54b4a40b92e13c2017aaef) Importer(815301076,1909f56bfc062723c751e8b465ee728b)
Start importing Assets/Art/Slime/spin/Spin07.png using Guid(56eb03fc1c54b4a40b92e13c2017aaef) Importer(815301076,1909f56bfc062723c751e8b465ee728b)  -> (artifact id: '991d7268b706447bae34e0ea68acb83c') in 0.024145 seconds 
========================================================================
Received Import Request.
  Time since last request: 0.000417 seconds.
  path: Assets/Art/Slime/spin/Spin05.png
  artifactKey: Guid(56a3198bd66efd1448a5f6135a82a2da) Importer(815301076,1909f56bfc062723c751e8b465ee728b)
Start importing Assets/Art/Slime/spin/Spin05.png using Guid(56a3198bd66efd1448a5f6135a82a2da) Importer(815301076,1909f56bfc062723c751e8b465ee728b)  -> (artifact id: 'a1f1959617107d55feb1206471784768') in 0.023800 seconds 
========================================================================
Received Import Request.
  Time since last request: 0.044798 seconds.
  path: Assets/Art/Slime/spin/Spin09.png
  artifactKey: Guid(9b0b924f81574b54f958cdc8ac9bb9ec) Importer(815301076,1909f56bfc062723c751e8b465ee728b)
Start importing Assets/Art/Slime/spin/Spin09.png using Guid(9b0b924f81574b54f958cdc8ac9bb9ec) Importer(815301076,1909f56bfc062723c751e8b465ee728b)  -> (artifact id: '56c783a3968cb34e6caa49e7f7cf4c9c') in 0.046348 seconds 
========================================================================
Received Import Request.
  Time since last request: 0.000338 seconds.
  path: Assets/Art/Slime/spin/Spin10.png
  artifactKey: Guid(bdbac5c52b5805b49a72a102867a8239) Importer(815301076,1909f56bfc062723c751e8b465ee728b)
Start importing Assets/Art/Slime/spin/Spin10.png using Guid(bdbac5c52b5805b49a72a102867a8239) Importer(815301076,1909f56bfc062723c751e8b465ee728b)  -> (artifact id: 'd5dbbb45d0d2a1278e4112e98c790c61') in 0.024735 seconds 
========================================================================
Received Import Request.
  Time since last request: 0.000330 seconds.
  path: Assets/Art/Slime/spin/Spin12.png
  artifactKey: Guid(aabf903b422e6d34b980ab9b5c6d2d66) Importer(815301076,1909f56bfc062723c751e8b465ee728b)
Start importing Assets/Art/Slime/spin/Spin12.png using Guid(aabf903b422e6d34b980ab9b5c6d2d66) Importer(815301076,1909f56bfc062723c751e8b465ee728b)  -> (artifact id: '30826bd63a26c5bca66e918e78626003') in 0.027748 seconds 
========================================================================
Received Import Request.
  Time since last request: 0.000561 seconds.
  path: Assets/Art/Slime/Walk/walk01.png
  artifactKey: Guid(1b291f9b1633ede4bbb58677083f01c2) Importer(815301076,1909f56bfc062723c751e8b465ee728b)
Start importing Assets/Art/Slime/Walk/walk01.png using Guid(1b291f9b1633ede4bbb58677083f01c2) Importer(815301076,1909f56bfc062723c751e8b465ee728b)  -> (artifact id: '04af11bed12297e1fd46293dfd9f795a') in 0.029511 seconds 
========================================================================
Received Import Request.
  Time since last request: 0.000340 seconds.
  path: Assets/Art/Slime/Walk/walk02.png
  artifactKey: Guid(f1a15b510a975fe42bdbbcd493b5a131) Importer(815301076,1909f56bfc062723c751e8b465ee728b)
Start importing Assets/Art/Slime/Walk/walk02.png using Guid(f1a15b510a975fe42bdbbcd493b5a131) Importer(815301076,1909f56bfc062723c751e8b465ee728b)  -> (artifact id: '6d75e9b037c77dc699e168e8bad8a8f7') in 0.029008 seconds 
========================================================================
Received Import Request.
  Time since last request: 0.000417 seconds.
  path: Assets/Art/Slime/spin/Spin11.png
  artifactKey: Guid(409a4867de352554f8d8de74693ed61b) Importer(815301076,1909f56bfc062723c751e8b465ee728b)
Start importing Assets/Art/Slime/spin/Spin11.png using Guid(409a4867de352554f8d8de74693ed61b) Importer(815301076,1909f56bfc062723c751e8b465ee728b)  -> (artifact id: '05f76611d10fc853ca2b5452be6dcaeb') in 0.027825 seconds 
========================================================================
Received Import Request.
  Time since last request: 0.050232 seconds.
  path: Assets/Art/Slime/Walk/walk03.png
  artifactKey: Guid(ef5c560fc276ddf44bd633e82f1476ee) Importer(815301076,1909f56bfc062723c751e8b465ee728b)
Start importing Assets/Art/Slime/Walk/walk03.png using Guid(ef5c560fc276ddf44bd633e82f1476ee) Importer(815301076,1909f56bfc062723c751e8b465ee728b)  -> (artifact id: '9bbfdfc086a241b7cd7d3bd8fccadc73') in 0.031437 seconds 
========================================================================
Received Import Request.
  Time since last request: 0.000430 seconds.
  path: Assets/Art/Slime/Walk/walk04.png
  artifactKey: Guid(fde07ef3bc6b6fb43897d4f065180c6b) Importer(815301076,1909f56bfc062723c751e8b465ee728b)
Start importing Assets/Art/Slime/Walk/walk04.png using Guid(fde07ef3bc6b6fb43897d4f065180c6b) Importer(815301076,1909f56bfc062723c751e8b465ee728b)  -> (artifact id: 'c9d20951f71a29f5207074c2ad55acba') in 0.025533 seconds 
========================================================================
Received Import Request.
  Time since last request: 11.236154 seconds.
  path: Assets/Art/Slime/Jump/Jump01.png
  artifactKey: Guid(bedcd5735e0f5a946a5d387da8942def) Importer(815301076,1909f56bfc062723c751e8b465ee728b)
Start importing Assets/Art/Slime/Jump/Jump01.png using Guid(bedcd5735e0f5a946a5d387da8942def) Importer(815301076,1909f56bfc062723c751e8b465ee728b)  -> (artifact id: '10ed499fc1defd066dc64facf66050b8') in 0.017729 seconds 
========================================================================
Received Import Request.
  Time since last request: 969.323651 seconds.
  path: Assets/Animations/Boss/Slime.controller
  artifactKey: Guid(95fb1055a7dc9394eb3bdedaac6c2ac5) Importer(815301076,1909f56bfc062723c751e8b465ee728b)
Start importing Assets/Animations/Boss/Slime.controller using Guid(95fb1055a7dc9394eb3bdedaac6c2ac5) Importer(815301076,1909f56bfc062723c751e8b465ee728b)  -> (artifact id: '8b93da5436d3adec54df8eab713bc7b1') in 0.184875 seconds 
========================================================================
Received Import Request.
  Time since last request: 59.723095 seconds.
  path: Assets/Animations/Boss
  artifactKey: Guid(14a635d06b6d96542a46a7a8882db610) Importer(815301076,1909f56bfc062723c751e8b465ee728b)
Start importing Assets/Animations/Boss using Guid(14a635d06b6d96542a46a7a8882db610) Importer(815301076,1909f56bfc062723c751e8b465ee728b)  -> (artifact id: '4b297544302f613aba1759bdc174b906') in 0.008537 seconds 
========================================================================
Received Prepare
Registering precompiled user dll's ...
Registered in 0.012068 seconds.
Begin MonoManager ReloadAssembly
Native extension for WindowsStandalone target not found
Refreshing native plugins compatible for Editor in 1.47 ms, found 3 plugins.
Preloading 0 native plugins for Editor in 0.00 ms.
Mono: successfully reloaded assembly
- Completed reload, in  3.615 seconds
Domain Reload Profiling:
	ReloadAssembly (3628ms)
		BeginReloadAssembly (627ms)
			ExecutionOrderSort (0ms)
			DisableScriptedObjects (100ms)
			BackupInstance (0ms)
			ReleaseScriptingObjects (0ms)
			CreateAndSetChildDomain (273ms)
		EndReloadAssembly (2843ms)
			LoadAssemblies (339ms)
			RebuildTransferFunctionScriptingTraits (0ms)
			SetupTypeCache (1093ms)
			ReleaseScriptCaches (3ms)
			RebuildScriptCaches (146ms)
			SetupLoadedEditorAssemblies (959ms)
				LogAssemblyErrors (0ms)
				InitializePlatformSupportModulesInManaged (15ms)
				SetLoadedEditorAssemblies (2ms)
				RefreshPlugins (2ms)
				BeforeProcessingInitializeOnLoad (287ms)
				ProcessInitializeOnLoadAttributes (591ms)
				ProcessInitializeOnLoadMethodAttributes (35ms)
				AfterProcessingInitializeOnLoad (26ms)
				EditorAssembliesLoaded (1ms)
			ExecutionOrderSort2 (0ms)
			AwakeInstancesAfterBackupRestoration (33ms)
Platform modules already initialized, skipping
Refreshing native plugins compatible for Editor in 2.23 ms, found 3 plugins.
Preloading 0 native plugins for Editor in 0.00 ms.
Unloading 2194 Unused Serialized files (Serialized files now loaded: 0)
System memory in use before: 99.2 MB.
System memory in use after: 99.1 MB.

Unloading 20 unused Assets to reduce memory usage. Loaded Objects now: 2640.
Total: 10.059000 ms (FindLiveObjects: 0.572300 ms CreateObjectMapping: 0.383200 ms MarkObjects: 8.440700 ms  DeleteObjects: 0.660000 ms)

AssetImportParameters requested are different than current active one (requested -> active):
  custom:framework-win-MediaFoundation: 216162199b28c13a410421893ffa2e32 -> 
  custom:video-decoder-ogg-theora: a1e56fd34408186e4bbccfd4996cb3dc -> 
  custom:container-muxer-webm: aa71ff27fc2769a1b78a27578f13a17b -> 
  custom:container-demuxer-webm: 4f35f7cbe854078d1ac9338744f61a02 -> 
  custom:container-demuxer-ogg: 62fdf1f143b41e24485cea50d1cbac27 -> 
  custom:video-encoder-webm-vp8: eb34c28f22e8b96e1ab97ce403110664 -> 
  custom:video-decoder-webm-vp8: 9c59270c3fd7afecdb556c50c9e8de78 -> 
  custom:audio-decoder-ogg-vorbis: bf7c407c2cedff20999df2af8eb42d56 -> 
  custom:audio-encoder-webm-vorbis: bf7c407c2cedff20999df2af8eb42d56 -> 
========================================================================
Received Import Request.
  Time since last request: 36.446844 seconds.
  path: Assets/Animations/Boss/SlimeIdle.anim
  artifactKey: Guid(68706e07b6ec2a642978d46b36a8a1b0) Importer(815301076,1909f56bfc062723c751e8b465ee728b)
Start importing Assets/Animations/Boss/SlimeIdle.anim using Guid(68706e07b6ec2a642978d46b36a8a1b0) Importer(815301076,1909f56bfc062723c751e8b465ee728b)  -> (artifact id: '7158f604bf8d6ad7cb8a44cfda8cf8e3') in 0.033062 seconds 
========================================================================
Received Prepare
Registering precompiled user dll's ...
Registered in 0.008401 seconds.
Begin MonoManager ReloadAssembly
Native extension for WindowsStandalone target not found
Refreshing native plugins compatible for Editor in 1.17 ms, found 3 plugins.
Preloading 0 native plugins for Editor in 0.00 ms.
Mono: successfully reloaded assembly
- Completed reload, in  2.184 seconds
Domain Reload Profiling:
	ReloadAssembly (2185ms)
		BeginReloadAssembly (225ms)
			ExecutionOrderSort (0ms)
			DisableScriptedObjects (11ms)
			BackupInstance (0ms)
			ReleaseScriptingObjects (0ms)
			CreateAndSetChildDomain (63ms)
		EndReloadAssembly (1834ms)
			LoadAssemblies (210ms)
			RebuildTransferFunctionScriptingTraits (0ms)
			SetupTypeCache (647ms)
			ReleaseScriptCaches (1ms)
			RebuildScriptCaches (76ms)
			SetupLoadedEditorAssemblies (732ms)
				LogAssemblyErrors (0ms)
				InitializePlatformSupportModulesInManaged (10ms)
				SetLoadedEditorAssemblies (1ms)
				RefreshPlugins (1ms)
				BeforeProcessingInitializeOnLoad (229ms)
				ProcessInitializeOnLoadAttributes (453ms)
				ProcessInitializeOnLoadMethodAttributes (21ms)
				AfterProcessingInitializeOnLoad (17ms)
				EditorAssembliesLoaded (0ms)
			ExecutionOrderSort2 (0ms)
			AwakeInstancesAfterBackupRestoration (15ms)
Platform modules already initialized, skipping
Refreshing native plugins compatible for Editor in 1.23 ms, found 3 plugins.
Preloading 0 native plugins for Editor in 0.00 ms.
Unloading 2194 Unused Serialized files (Serialized files now loaded: 0)
System memory in use before: 99.2 MB.
System memory in use after: 99.2 MB.

Unloading 20 unused Assets to reduce memory usage. Loaded Objects now: 2642.
Total: 4.742700 ms (FindLiveObjects: 0.252400 ms CreateObjectMapping: 0.161000 ms MarkObjects: 4.081800 ms  DeleteObjects: 0.245700 ms)

AssetImportParameters requested are different than current active one (requested -> active):
  custom:framework-win-MediaFoundation: 216162199b28c13a410421893ffa2e32 -> 
  custom:video-decoder-ogg-theora: a1e56fd34408186e4bbccfd4996cb3dc -> 
  custom:container-muxer-webm: aa71ff27fc2769a1b78a27578f13a17b -> 
  custom:container-demuxer-webm: 4f35f7cbe854078d1ac9338744f61a02 -> 
  custom:container-demuxer-ogg: 62fdf1f143b41e24485cea50d1cbac27 -> 
  custom:video-encoder-webm-vp8: eb34c28f22e8b96e1ab97ce403110664 -> 
  custom:video-decoder-webm-vp8: 9c59270c3fd7afecdb556c50c9e8de78 -> 
  custom:audio-decoder-ogg-vorbis: bf7c407c2cedff20999df2af8eb42d56 -> 
  custom:audio-encoder-webm-vorbis: bf7c407c2cedff20999df2af8eb42d56 -> 
========================================================================
Received Prepare
Registering precompiled user dll's ...
Registered in 0.007466 seconds.
Begin MonoManager ReloadAssembly
Native extension for WindowsStandalone target not found
Refreshing native plugins compatible for Editor in 0.92 ms, found 3 plugins.
Preloading 0 native plugins for Editor in 0.00 ms.
Mono: successfully reloaded assembly
- Completed reload, in  2.104 seconds
Domain Reload Profiling:
	ReloadAssembly (2105ms)
		BeginReloadAssembly (205ms)
			ExecutionOrderSort (0ms)
			DisableScriptedObjects (9ms)
			BackupInstance (0ms)
			ReleaseScriptingObjects (0ms)
			CreateAndSetChildDomain (53ms)
		EndReloadAssembly (1743ms)
			LoadAssemblies (209ms)
			RebuildTransferFunctionScriptingTraits (0ms)
			SetupTypeCache (636ms)
			ReleaseScriptCaches (1ms)
			RebuildScriptCaches (76ms)
			SetupLoadedEditorAssemblies (636ms)
				LogAssemblyErrors (0ms)
				InitializePlatformSupportModulesInManaged (7ms)
				SetLoadedEditorAssemblies (1ms)
				RefreshPlugins (1ms)
				BeforeProcessingInitializeOnLoad (177ms)
				ProcessInitializeOnLoadAttributes (408ms)
				ProcessInitializeOnLoadMethodAttributes (26ms)
				AfterProcessingInitializeOnLoad (16ms)
				EditorAssembliesLoaded (0ms)
			ExecutionOrderSort2 (0ms)
			AwakeInstancesAfterBackupRestoration (18ms)
Platform modules already initialized, skipping
Refreshing native plugins compatible for Editor in 0.68 ms, found 3 plugins.
Preloading 0 native plugins for Editor in 0.00 ms.
Unloading 2194 Unused Serialized files (Serialized files now loaded: 0)
System memory in use before: 99.3 MB.
System memory in use after: 99.2 MB.

Unloading 20 unused Assets to reduce memory usage. Loaded Objects now: 2644.
Total: 6.200100 ms (FindLiveObjects: 0.383900 ms CreateObjectMapping: 0.223000 ms MarkObjects: 5.336300 ms  DeleteObjects: 0.254800 ms)

AssetImportParameters requested are different than current active one (requested -> active):
  custom:framework-win-MediaFoundation: 216162199b28c13a410421893ffa2e32 -> 
  custom:video-decoder-ogg-theora: a1e56fd34408186e4bbccfd4996cb3dc -> 
  custom:container-muxer-webm: aa71ff27fc2769a1b78a27578f13a17b -> 
  custom:container-demuxer-webm: 4f35f7cbe854078d1ac9338744f61a02 -> 
  custom:container-demuxer-ogg: 62fdf1f143b41e24485cea50d1cbac27 -> 
  custom:video-encoder-webm-vp8: eb34c28f22e8b96e1ab97ce403110664 -> 
  custom:video-decoder-webm-vp8: 9c59270c3fd7afecdb556c50c9e8de78 -> 
  custom:audio-decoder-ogg-vorbis: bf7c407c2cedff20999df2af8eb42d56 -> 
  custom:audio-encoder-webm-vorbis: bf7c407c2cedff20999df2af8eb42d56 -> 
========================================================================
Received Prepare
Registering precompiled user dll's ...
Registered in 0.009401 seconds.
Begin MonoManager ReloadAssembly
Native extension for WindowsStandalone target not found
Refreshing native plugins compatible for Editor in 0.68 ms, found 3 plugins.
Preloading 0 native plugins for Editor in 0.00 ms.
Mono: successfully reloaded assembly
- Completed reload, in  1.982 seconds
Domain Reload Profiling:
	ReloadAssembly (1982ms)
		BeginReloadAssembly (217ms)
			ExecutionOrderSort (0ms)
			DisableScriptedObjects (10ms)
			BackupInstance (0ms)
			ReleaseScriptingObjects (0ms)
			CreateAndSetChildDomain (61ms)
		EndReloadAssembly (1621ms)
			LoadAssemblies (220ms)
			RebuildTransferFunctionScriptingTraits (0ms)
			SetupTypeCache (546ms)
			ReleaseScriptCaches (2ms)
			RebuildScriptCaches (85ms)
			SetupLoadedEditorAssemblies (591ms)
				LogAssemblyErrors (0ms)
				InitializePlatformSupportModulesInManaged (8ms)
				SetLoadedEditorAssemblies (1ms)
				RefreshPlugins (1ms)
				BeforeProcessingInitializeOnLoad (187ms)
				ProcessInitializeOnLoadAttributes (358ms)
				ProcessInitializeOnLoadMethodAttributes (19ms)
				AfterProcessingInitializeOnLoad (17ms)
				EditorAssembliesLoaded (0ms)
			ExecutionOrderSort2 (0ms)
			AwakeInstancesAfterBackupRestoration (19ms)
Platform modules already initialized, skipping
Refreshing native plugins compatible for Editor in 1.13 ms, found 3 plugins.
Preloading 0 native plugins for Editor in 0.00 ms.
Unloading 2194 Unused Serialized files (Serialized files now loaded: 0)
System memory in use before: 99.3 MB.
System memory in use after: 99.2 MB.

Unloading 20 unused Assets to reduce memory usage. Loaded Objects now: 2646.
Total: 5.929000 ms (FindLiveObjects: 0.256700 ms CreateObjectMapping: 0.177000 ms MarkObjects: 5.302000 ms  DeleteObjects: 0.191600 ms)

AssetImportParameters requested are different than current active one (requested -> active):
  custom:framework-win-MediaFoundation: 216162199b28c13a410421893ffa2e32 -> 
  custom:video-decoder-ogg-theora: a1e56fd34408186e4bbccfd4996cb3dc -> 
  custom:container-muxer-webm: aa71ff27fc2769a1b78a27578f13a17b -> 
  custom:container-demuxer-webm: 4f35f7cbe854078d1ac9338744f61a02 -> 
  custom:container-demuxer-ogg: 62fdf1f143b41e24485cea50d1cbac27 -> 
  custom:video-encoder-webm-vp8: eb34c28f22e8b96e1ab97ce403110664 -> 
  custom:video-decoder-webm-vp8: 9c59270c3fd7afecdb556c50c9e8de78 -> 
  custom:audio-decoder-ogg-vorbis: bf7c407c2cedff20999df2af8eb42d56 -> 
  custom:audio-encoder-webm-vorbis: bf7c407c2cedff20999df2af8eb42d56 -> 
========================================================================
Received Prepare
Registering precompiled user dll's ...
Registered in 0.014668 seconds.
Begin MonoManager ReloadAssembly
Native extension for WindowsStandalone target not found
Refreshing native plugins compatible for Editor in 0.58 ms, found 3 plugins.
Preloading 0 native plugins for Editor in 0.00 ms.
Mono: successfully reloaded assembly
- Completed reload, in  1.395 seconds
Domain Reload Profiling:
	ReloadAssembly (1396ms)
		BeginReloadAssembly (212ms)
			ExecutionOrderSort (0ms)
			DisableScriptedObjects (7ms)
			BackupInstance (0ms)
			ReleaseScriptingObjects (0ms)
			CreateAndSetChildDomain (43ms)
		EndReloadAssembly (1109ms)
			LoadAssemblies (244ms)
			RebuildTransferFunctionScriptingTraits (0ms)
			SetupTypeCache (354ms)
			ReleaseScriptCaches (1ms)
			RebuildScriptCaches (54ms)
			SetupLoadedEditorAssemblies (399ms)
				LogAssemblyErrors (0ms)
				InitializePlatformSupportModulesInManaged (5ms)
				SetLoadedEditorAssemblies (1ms)
				RefreshPlugins (1ms)
				BeforeProcessingInitializeOnLoad (120ms)
				ProcessInitializeOnLoadAttributes (243ms)
				ProcessInitializeOnLoadMethodAttributes (18ms)
				AfterProcessingInitializeOnLoad (12ms)
				EditorAssembliesLoaded (0ms)
			ExecutionOrderSort2 (0ms)
			AwakeInstancesAfterBackupRestoration (11ms)
Platform modules already initialized, skipping
Refreshing native plugins compatible for Editor in 0.82 ms, found 3 plugins.
Preloading 0 native plugins for Editor in 0.00 ms.
Unloading 2194 Unused Serialized files (Serialized files now loaded: 0)
System memory in use before: 99.3 MB.
System memory in use after: 99.3 MB.

Unloading 20 unused Assets to reduce memory usage. Loaded Objects now: 2648.
Total: 4.134400 ms (FindLiveObjects: 0.217700 ms CreateObjectMapping: 0.106800 ms MarkObjects: 3.618100 ms  DeleteObjects: 0.190500 ms)

AssetImportParameters requested are different than current active one (requested -> active):
  custom:framework-win-MediaFoundation: 216162199b28c13a410421893ffa2e32 -> 
  custom:video-decoder-ogg-theora: a1e56fd34408186e4bbccfd4996cb3dc -> 
  custom:container-muxer-webm: aa71ff27fc2769a1b78a27578f13a17b -> 
  custom:container-demuxer-webm: 4f35f7cbe854078d1ac9338744f61a02 -> 
  custom:container-demuxer-ogg: 62fdf1f143b41e24485cea50d1cbac27 -> 
  custom:video-encoder-webm-vp8: eb34c28f22e8b96e1ab97ce403110664 -> 
  custom:video-decoder-webm-vp8: 9c59270c3fd7afecdb556c50c9e8de78 -> 
  custom:audio-decoder-ogg-vorbis: bf7c407c2cedff20999df2af8eb42d56 -> 
  custom:audio-encoder-webm-vorbis: bf7c407c2cedff20999df2af8eb42d56 -> 
AssetImportWorkerClient::OnTransportError - code=2 error=End of file
