Using pre-set license
Built from '2020.3/staging' branch; Version is '2020.3.30f1 (1fb1bf06830e) revision 2077119'; Using compiler version '192528614'; Build Type 'Release'
OS: 'Windows 10  (10.0.19044) 64bit Core' Language: 'en' Physical Memory: 16310 MB
BatchMode: 1, IsHumanControllingUs: 0, StartBugReporterOnCrash: 0, Is64bit: 1, IsPro: 0

COMMAND LINE ARGUMENTS:
C:\Program Files\Unity\Hub\Editor\2020.3.30f1\Editor\Unity.exe
-adb2
-batchMode
-noUpm
-name
AssetImportWorker0
-projectPath
C:/Users/Eris/OneDrive/Desktop/cs3247-group-project
-logFile
Logs/AssetImportWorker0.log
-srvPort
63654
Successfully changed project path to: C:/Users/Eris/OneDrive/Desktop/cs3247-group-project
C:/Users/Eris/OneDrive/Desktop/cs3247-group-project
Using Asset Import Pipeline V2.
Refreshing native plugins compatible for Editor in 37.44 ms, found 3 plugins.
Preloading 0 native plugins for Editor in 0.00 ms.
Initialize engine version: 2020.3.30f1 (1fb1bf06830e)
[Subsystems] Discovering subsystems at path C:/Program Files/Unity/Hub/Editor/2020.3.30f1/Editor/Data/Resources/UnitySubsystems
[Subsystems] Discovering subsystems at path C:/Users/Eris/OneDrive/Desktop/cs3247-group-project/Assets
GfxDevice: creating device client; threaded=0
Direct3D:
    Version:  Direct3D 11.0 [level 11.1]
    Renderer: NVIDIA GeForce RTX 3070 (ID=0x2484)
    Vendor:   
    VRAM:     8043 MB
    Driver:   30.0.14.9649
Initialize mono
Mono path[0] = 'C:/Program Files/Unity/Hub/Editor/2020.3.30f1/Editor/Data/Managed'
Mono path[1] = 'C:/Program Files/Unity/Hub/Editor/2020.3.30f1/Editor/Data/MonoBleedingEdge/lib/mono/unityjit'
Mono config path = 'C:/Program Files/Unity/Hub/Editor/2020.3.30f1/Editor/Data/MonoBleedingEdge/etc'
Using monoOptions --debugger-agent=transport=dt_socket,embedding=1,server=y,suspend=n,address=127.0.0.1:56376
Begin MonoManager ReloadAssembly
Registering precompiled unity dll's ...
Register platform support module: C:/Program Files/Unity/Hub/Editor/2020.3.30f1/Editor/Data/PlaybackEngines/WebGLSupport/UnityEditor.WebGL.Extensions.dll
Register platform support module: C:/Program Files/Unity/Hub/Editor/2020.3.30f1/Editor/Data/PlaybackEngines/WindowsStandaloneSupport/UnityEditor.WindowsStandalone.Extensions.dll
Registered in 0.001769 seconds.
Native extension for WindowsStandalone target not found
Native extension for WebGL target not found
Refreshing native plugins compatible for Editor in 32.67 ms, found 3 plugins.
Preloading 0 native plugins for Editor in 0.00 ms.
Mono: successfully reloaded assembly
- Completed reload, in  0.421 seconds
Domain Reload Profiling:
	ReloadAssembly (421ms)
		BeginReloadAssembly (49ms)
			ExecutionOrderSort (0ms)
			DisableScriptedObjects (0ms)
			BackupInstance (0ms)
			ReleaseScriptingObjects (0ms)
			CreateAndSetChildDomain (1ms)
		EndReloadAssembly (315ms)
			LoadAssemblies (47ms)
			RebuildTransferFunctionScriptingTraits (0ms)
			SetupTypeCache (99ms)
			ReleaseScriptCaches (0ms)
			RebuildScriptCaches (19ms)
			SetupLoadedEditorAssemblies (122ms)
				LogAssemblyErrors (0ms)
				InitializePlatformSupportModulesInManaged (4ms)
				SetLoadedEditorAssemblies (0ms)
				RefreshPlugins (33ms)
				BeforeProcessingInitializeOnLoad (8ms)
				ProcessInitializeOnLoadAttributes (57ms)
				ProcessInitializeOnLoadMethodAttributes (20ms)
				AfterProcessingInitializeOnLoad (0ms)
				EditorAssembliesLoaded (0ms)
			ExecutionOrderSort2 (0ms)
			AwakeInstancesAfterBackupRestoration (0ms)
Platform modules already initialized, skipping
Registering precompiled user dll's ...
Registered in 0.002354 seconds.
Begin MonoManager ReloadAssembly
Native extension for WindowsStandalone target not found
Native extension for WebGL target not found
Refreshing native plugins compatible for Editor in 32.03 ms, found 3 plugins.
Preloading 0 native plugins for Editor in 0.00 ms.
Mono: successfully reloaded assembly
- Completed reload, in  0.756 seconds
Domain Reload Profiling:
	ReloadAssembly (757ms)
		BeginReloadAssembly (104ms)
			ExecutionOrderSort (0ms)
			DisableScriptedObjects (4ms)
			BackupInstance (0ms)
			ReleaseScriptingObjects (0ms)
			CreateAndSetChildDomain (16ms)
		EndReloadAssembly (604ms)
			LoadAssemblies (71ms)
			RebuildTransferFunctionScriptingTraits (0ms)
			SetupTypeCache (189ms)
			ReleaseScriptCaches (0ms)
			RebuildScriptCaches (31ms)
			SetupLoadedEditorAssemblies (240ms)
				LogAssemblyErrors (0ms)
				InitializePlatformSupportModulesInManaged (3ms)
				SetLoadedEditorAssemblies (0ms)
				RefreshPlugins (32ms)
				BeforeProcessingInitializeOnLoad (52ms)
				ProcessInitializeOnLoadAttributes (137ms)
				ProcessInitializeOnLoadMethodAttributes (12ms)
				AfterProcessingInitializeOnLoad (5ms)
				EditorAssembliesLoaded (0ms)
			ExecutionOrderSort2 (0ms)
			AwakeInstancesAfterBackupRestoration (5ms)
Platform modules already initialized, skipping
========================================================================
Worker process is ready to serve import requests
Launched and connected shader compiler UnityShaderCompiler.exe after 0.08 seconds
Refreshing native plugins compatible for Editor in 0.76 ms, found 3 plugins.
Preloading 0 native plugins for Editor in 0.00 ms.
Unloading 2196 Unused Serialized files (Serialized files now loaded: 0)
System memory in use before: 96.1 MB.
System memory in use after: 96.0 MB.

Unloading 31 unused Assets to reduce memory usage. Loaded Objects now: 2626.
Total: 2.651000 ms (FindLiveObjects: 0.168900 ms CreateObjectMapping: 0.068500 ms MarkObjects: 2.294600 ms  DeleteObjects: 0.118100 ms)

AssetImportParameters requested are different than current active one (requested -> active):
  custom:framework-win-MediaFoundation: 216162199b28c13a410421893ffa2e32 -> 
  custom:video-decoder-ogg-theora: a1e56fd34408186e4bbccfd4996cb3dc -> 
  custom:container-muxer-webm: aa71ff27fc2769a1b78a27578f13a17b -> 
  custom:container-demuxer-webm: 4f35f7cbe854078d1ac9338744f61a02 -> 
  custom:container-demuxer-ogg: 62fdf1f143b41e24485cea50d1cbac27 -> 
  custom:video-encoder-webm-vp8: eb34c28f22e8b96e1ab97ce403110664 -> 
  custom:video-decoder-webm-vp8: 9c59270c3fd7afecdb556c50c9e8de78 -> 
  custom:audio-decoder-ogg-vorbis: bf7c407c2cedff20999df2af8eb42d56 -> 
  custom:audio-encoder-webm-vorbis: bf7c407c2cedff20999df2af8eb42d56 -> 
========================================================================
Received Import Request.
  path: Packages/com.unity.2d.common/package.json
  artifactKey: Guid(68f1917ec3cac45b080c26153375c2bb) Importer(815301076,1909f56bfc062723c751e8b465ee728b)
Start importing Packages/com.unity.2d.common/package.json using Guid(68f1917ec3cac45b080c26153375c2bb) Importer(815301076,1909f56bfc062723c751e8b465ee728b)  -> (artifact id: '7266165612d36c18cf97c86da86411a2') in 0.042300 seconds 
========================================================================
Received Import Request.
  Time since last request: 0.000167 seconds.
  path: Packages/com.unity.2d.psdimporter/package.json
  artifactKey: Guid(2f948ecb81c850949a2725b1ba265844) Importer(815301076,1909f56bfc062723c751e8b465ee728b)
Start importing Packages/com.unity.2d.psdimporter/package.json using Guid(2f948ecb81c850949a2725b1ba265844) Importer(815301076,1909f56bfc062723c751e8b465ee728b)  -> (artifact id: 'e59954f945080c56b3871ed8c1c04cad') in 0.006381 seconds 
========================================================================
Received Import Request.
  Time since last request: 0.000145 seconds.
  path: Packages/com.unity.2d.sprite/package.json
  artifactKey: Guid(7dc5f1e5d04ac8549ac21802071e983b) Importer(815301076,1909f56bfc062723c751e8b465ee728b)
Start importing Packages/com.unity.2d.sprite/package.json using Guid(7dc5f1e5d04ac8549ac21802071e983b) Importer(815301076,1909f56bfc062723c751e8b465ee728b)  -> (artifact id: 'ff87128bdf6981a9843158b29f26b2df') in 0.005666 seconds 
========================================================================
Received Import Request.
  Time since last request: 18.841448 seconds.
  path: Packages/com.unity.2d.tilemap/package.json
  artifactKey: Guid(51797d68d3132bb419217a229e09fc47) Importer(815301076,1909f56bfc062723c751e8b465ee728b)
Start importing Packages/com.unity.2d.tilemap/package.json using Guid(51797d68d3132bb419217a229e09fc47) Importer(815301076,1909f56bfc062723c751e8b465ee728b)  -> (artifact id: '22520fb1654722663eb25abdaed23609') in 0.007588 seconds 
========================================================================
Received Import Request.
  Time since last request: 1.718704 seconds.
  path: Packages/com.unity.2d.tilemap/Editor
  artifactKey: Guid(6b38a6882b80b1c4dbcca4bc844d7b9c) Importer(815301076,1909f56bfc062723c751e8b465ee728b)
Start importing Packages/com.unity.2d.tilemap/Editor using Guid(6b38a6882b80b1c4dbcca4bc844d7b9c) Importer(815301076,1909f56bfc062723c751e8b465ee728b)  -> (artifact id: '1a86a957c7553844e34b7aa40e2bc819') in 0.005398 seconds 
========================================================================
Received Import Request.
  Time since last request: 0.052892 seconds.
  path: Packages/com.unity.2d.tilemap/Editor/Unity.2D.Tilemap.Editor.asmdef
  artifactKey: Guid(3a9781db4804a9945b9883f3a7c46d45) Importer(815301076,1909f56bfc062723c751e8b465ee728b)
Start importing Packages/com.unity.2d.tilemap/Editor/Unity.2D.Tilemap.Editor.asmdef using Guid(3a9781db4804a9945b9883f3a7c46d45) Importer(815301076,1909f56bfc062723c751e8b465ee728b)  -> (artifact id: '86df9f85098986b5c3bc9f164a1f4748') in 0.008951 seconds 
========================================================================
Received Import Request.
  Time since last request: 4.245336 seconds.
  path: Packages/com.unity.2d.spriteshape/package.json
  artifactKey: Guid(4eabc3d1ad1424372b03cfc117521e24) Importer(815301076,1909f56bfc062723c751e8b465ee728b)
Start importing Packages/com.unity.2d.spriteshape/package.json using Guid(4eabc3d1ad1424372b03cfc117521e24) Importer(815301076,1909f56bfc062723c751e8b465ee728b)  -> (artifact id: 'bf9801711c06b27532fd249482ce6fc6') in 0.006728 seconds 
========================================================================
Received Import Request.
  Time since last request: 7.410886 seconds.
  path: Packages/com.unity.2d.tilemap/Editor/AssemblyInfo.cs
  artifactKey: Guid(b870da3ede4ee144d8631c9ef0a3a66c) Importer(815301076,1909f56bfc062723c751e8b465ee728b)
Start importing Packages/com.unity.2d.tilemap/Editor/AssemblyInfo.cs using Guid(b870da3ede4ee144d8631c9ef0a3a66c) Importer(815301076,1909f56bfc062723c751e8b465ee728b)  -> (artifact id: 'b0f32a735092c856223461b716a819be') in 0.042493 seconds 
========================================================================
Received Import Request.
  Time since last request: 10.918763 seconds.
  path: Packages/com.unity.2d.sprite/Tests
  artifactKey: Guid(7e2656e167a517b4d8552ba38f4b7bbe) Importer(815301076,1909f56bfc062723c751e8b465ee728b)
Start importing Packages/com.unity.2d.sprite/Tests using Guid(7e2656e167a517b4d8552ba38f4b7bbe) Importer(815301076,1909f56bfc062723c751e8b465ee728b)  -> (artifact id: 'e7c2fff4ccefa8c3c7b682e8bb96f3a8') in 0.005384 seconds 
========================================================================
Received Import Request.
  Time since last request: 0.608095 seconds.
  path: Packages/com.unity.2d.sprite/Tests/Editor
  artifactKey: Guid(dcc63292bf8cfd543b11bfdebe99cd02) Importer(815301076,1909f56bfc062723c751e8b465ee728b)
Start importing Packages/com.unity.2d.sprite/Tests/Editor using Guid(dcc63292bf8cfd543b11bfdebe99cd02) Importer(815301076,1909f56bfc062723c751e8b465ee728b)  -> (artifact id: 'bdce329cdc59d43f83003380ed963547') in 0.002502 seconds 
========================================================================
Received Import Request.
  Time since last request: 0.045563 seconds.
  path: Packages/com.unity.2d.sprite/Tests/Editor/Unity.2D.Sprite.Package.EditorTests.asmdef
  artifactKey: Guid(52648b72c7bef2040bf0cfa8dd0f74da) Importer(815301076,1909f56bfc062723c751e8b465ee728b)
Start importing Packages/com.unity.2d.sprite/Tests/Editor/Unity.2D.Sprite.Package.EditorTests.asmdef using Guid(52648b72c7bef2040bf0cfa8dd0f74da) Importer(815301076,1909f56bfc062723c751e8b465ee728b)  -> (artifact id: 'f7b6b6d56508a66025edd877d40dc5f8') in 0.005159 seconds 
========================================================================
Received Import Request.
  Time since last request: 7.120926 seconds.
  path: Packages/com.unity.2d.pixel-perfect/package.json
  artifactKey: Guid(b1c570008ebc15d4183516ca5722a39e) Importer(815301076,1909f56bfc062723c751e8b465ee728b)
Start importing Packages/com.unity.2d.pixel-perfect/package.json using Guid(b1c570008ebc15d4183516ca5722a39e) Importer(815301076,1909f56bfc062723c751e8b465ee728b)  -> (artifact id: '00989447aebaa7f8a44a908d1cabf462') in 0.006524 seconds 
========================================================================
Received Import Request.
  Time since last request: 0.642298 seconds.
  path: Packages/com.unity.2d.path/package.json
  artifactKey: Guid(990785fe75c54584ab4201a3e20e1655) Importer(815301076,1909f56bfc062723c751e8b465ee728b)
Start importing Packages/com.unity.2d.path/package.json using Guid(990785fe75c54584ab4201a3e20e1655) Importer(815301076,1909f56bfc062723c751e8b465ee728b)  -> (artifact id: 'fe5d99fbc4c8faa1672fe316120be7b3') in 0.006222 seconds 
========================================================================
Received Import Request.
  Time since last request: 3.246305 seconds.
  path: Packages/com.unity.2d.spriteshape/Editor/ObjectMenuCreation/DefaultAssets/Sprite Shapes/Closed Sprite Shape.prefab
  artifactKey: Guid(c0583b4e855c74b8c82e7b9b5efb5ce9) Importer(815301076,1909f56bfc062723c751e8b465ee728b)
Start importing Packages/com.unity.2d.spriteshape/Editor/ObjectMenuCreation/DefaultAssets/Sprite Shapes/Closed Sprite Shape.prefab using Guid(c0583b4e855c74b8c82e7b9b5efb5ce9) Importer(815301076,1909f56bfc062723c751e8b465ee728b)  -> (artifact id: '2d633a999cd0db5a929fdc6b8a7f437c') in 0.093142 seconds 
========================================================================
Received Import Request.
  Time since last request: 0.000137 seconds.
  path: Packages/com.unity.2d.spriteshape/Editor/ObjectMenuCreation/DefaultAssets/Sprite Shapes/Open Sprite Shape.prefab
  artifactKey: Guid(86ae7de409eb54f619fb1328e4d42480) Importer(815301076,1909f56bfc062723c751e8b465ee728b)
Start importing Packages/com.unity.2d.spriteshape/Editor/ObjectMenuCreation/DefaultAssets/Sprite Shapes/Open Sprite Shape.prefab using Guid(86ae7de409eb54f619fb1328e4d42480) Importer(815301076,1909f56bfc062723c751e8b465ee728b)  -> (artifact id: 'c78a7b90d603d0a33c7b4e3280488626') in 0.012170 seconds 
========================================================================
Received Import Request.
  Time since last request: 246.695354 seconds.
  path: Assets/Scenes
  artifactKey: Guid(131a6b21c8605f84396be9f6751fb6e3) Importer(815301076,1909f56bfc062723c751e8b465ee728b)
Start importing Assets/Scenes using Guid(131a6b21c8605f84396be9f6751fb6e3) Importer(815301076,1909f56bfc062723c751e8b465ee728b)  -> (artifact id: 'df75b7d1a31c5b4f73fd45661b403b04') in 0.005736 seconds 
========================================================================
Received Import Request.
  Time since last request: 0.617575 seconds.
  path: Assets/Scenes/SampleScene.unity
  artifactKey: Guid(2cda990e2423bbf4892e6590ba056729) Importer(815301076,1909f56bfc062723c751e8b465ee728b)
Start importing Assets/Scenes/SampleScene.unity using Guid(2cda990e2423bbf4892e6590ba056729) Importer(815301076,1909f56bfc062723c751e8b465ee728b)  -> (artifact id: '1333ee985c8b405feb81c7cbd2e221fc') in 0.006422 seconds 
========================================================================
Received Import Request.
  Time since last request: 5.741193 seconds.
  path: Assets/Scenes/Test.unity
  artifactKey: Guid(2cda990e2423bbf4892e6590ba056729) Importer(815301076,1909f56bfc062723c751e8b465ee728b)
Start importing Assets/Scenes/Test.unity using Guid(2cda990e2423bbf4892e6590ba056729) Importer(815301076,1909f56bfc062723c751e8b465ee728b)  -> (artifact id: '9917ac64bd36b581c2df001f24957b5a') in 0.006638 seconds 
========================================================================
Received Import Request.
  Time since last request: 24.911668 seconds.
  path: Assets
  artifactKey: Guid(00000000000000001000000000000000) Importer(815301076,1909f56bfc062723c751e8b465ee728b)
Start importing Assets using Guid(00000000000000001000000000000000) Importer(815301076,1909f56bfc062723c751e8b465ee728b)  -> (artifact id: '42d402b061de3733987d63b9cc3b64de') in 0.005158 seconds 
========================================================================
Received Import Request.
  Time since last request: 5.575464 seconds.
  path: Assets/New Folder
  artifactKey: Guid(3136159f5a04c924abeda992a06b050f) Importer(815301076,1909f56bfc062723c751e8b465ee728b)
Start importing Assets/New Folder using Guid(3136159f5a04c924abeda992a06b050f) Importer(815301076,1909f56bfc062723c751e8b465ee728b)  -> (artifact id: '22ea877e5fd7ed5011f897a65fd92083') in 0.006544 seconds 
========================================================================
Received Import Request.
  Time since last request: 4.503107 seconds.
  path: Assets/Scripts
  artifactKey: Guid(3136159f5a04c924abeda992a06b050f) Importer(815301076,1909f56bfc062723c751e8b465ee728b)
Start importing Assets/Scripts using Guid(3136159f5a04c924abeda992a06b050f) Importer(815301076,1909f56bfc062723c751e8b465ee728b)  -> (artifact id: '9e2a64d3f99066ac5f3d43be5c5f67b6') in 0.005255 seconds 
========================================================================
Received Import Request.
  Time since last request: 5.319358 seconds.
  path: Assets/Art
  artifactKey: Guid(fa1942d0027987248ad69f1a51c3757b) Importer(815301076,1909f56bfc062723c751e8b465ee728b)
Start importing Assets/Art using Guid(fa1942d0027987248ad69f1a51c3757b) Importer(815301076,1909f56bfc062723c751e8b465ee728b)  -> (artifact id: 'b25a881ea3de078da2df972a1a8b3481') in 0.005610 seconds 
========================================================================
Received Import Request.
  Time since last request: 4.645364 seconds.
  path: Assets/Animations
  artifactKey: Guid(e3cda9c929a63714393b82d0eecfb536) Importer(815301076,1909f56bfc062723c751e8b465ee728b)
Start importing Assets/Animations using Guid(e3cda9c929a63714393b82d0eecfb536) Importer(815301076,1909f56bfc062723c751e8b465ee728b)  -> (artifact id: 'dc3eb817912d24d5f744892b0ba62285') in 0.005791 seconds 
========================================================================
Received Import Request.
  Time since last request: 4.580138 seconds.
  path: Assets/Prefabs
  artifactKey: Guid(85da5791c32c97246b8a271ab5f14d3c) Importer(815301076,1909f56bfc062723c751e8b465ee728b)
Start importing Assets/Prefabs using Guid(85da5791c32c97246b8a271ab5f14d3c) Importer(815301076,1909f56bfc062723c751e8b465ee728b)  -> (artifact id: 'aa89accadcc922e81782cb614dccad01') in 0.005452 seconds 
========================================================================
Received Import Request.
  Time since last request: 54.238591 seconds.
  path: Assets/Art/TopDownCharacter
  artifactKey: Guid(5051c04a7b9c34149b180a2e6885c2b5) Importer(815301076,1909f56bfc062723c751e8b465ee728b)
Start importing Assets/Art/TopDownCharacter using Guid(5051c04a7b9c34149b180a2e6885c2b5) Importer(815301076,1909f56bfc062723c751e8b465ee728b)  -> (artifact id: '33ab8b8bbc3fd37f1c02098164854edd') in 0.005910 seconds 
========================================================================
Received Import Request.
  Time since last request: 4.028302 seconds.
  path: Assets/Art/TopDownCharacter/Character
  artifactKey: Guid(2b669a42bd6010c40a85a322ab252f09) Importer(815301076,1909f56bfc062723c751e8b465ee728b)
Start importing Assets/Art/TopDownCharacter/Character using Guid(2b669a42bd6010c40a85a322ab252f09) Importer(815301076,1909f56bfc062723c751e8b465ee728b)  -> (artifact id: '7e63c98e4985cf6e7593021b96d38eb5') in 0.005924 seconds 
========================================================================
Received Import Request.
  Time since last request: 0.034163 seconds.
  path: Assets/Art/TopDownCharacter/Character/Character_Down.png
  artifactKey: Guid(8061b0002dffb5f43951a3802f2f41d6) Importer(815301076,1909f56bfc062723c751e8b465ee728b)
Start importing Assets/Art/TopDownCharacter/Character/Character_Down.png using Guid(8061b0002dffb5f43951a3802f2f41d6) Importer(815301076,1909f56bfc062723c751e8b465ee728b)  -> (artifact id: 'a03610f66272a55ef747cc846f2f2282') in 0.080181 seconds 
========================================================================
Received Import Request.
  Time since last request: 0.000153 seconds.
  path: Assets/Art/TopDownCharacter/Character/Character_SlashDownRight.png
  artifactKey: Guid(baa33eeaa8abed2459c51bbdcd958ee7) Importer(815301076,1909f56bfc062723c751e8b465ee728b)
Start importing Assets/Art/TopDownCharacter/Character/Character_SlashDownRight.png using Guid(baa33eeaa8abed2459c51bbdcd958ee7) Importer(815301076,1909f56bfc062723c751e8b465ee728b)  -> (artifact id: '1fca942d2d02c7f5695e04e72c11bdf1') in 0.023177 seconds 
========================================================================
Received Import Request.
  Time since last request: 0.000135 seconds.
  path: Assets/Art/TopDownCharacter/Character/Character_RollLeft.png
  artifactKey: Guid(4a1537596dcda904abfb1116003b8126) Importer(815301076,1909f56bfc062723c751e8b465ee728b)
Start importing Assets/Art/TopDownCharacter/Character/Character_RollLeft.png using Guid(4a1537596dcda904abfb1116003b8126) Importer(815301076,1909f56bfc062723c751e8b465ee728b)  -> (artifact id: 'c57025afbe23ee3191d2f7866f52d17a') in 0.022908 seconds 
========================================================================
Received Import Request.
  Time since last request: 0.000144 seconds.
  path: Assets/Art/TopDownCharacter/Character/Character_Up.png
  artifactKey: Guid(86086a0ce139e5246b4612204f920d56) Importer(815301076,1909f56bfc062723c751e8b465ee728b)
Start importing Assets/Art/TopDownCharacter/Character/Character_Up.png using Guid(86086a0ce139e5246b4612204f920d56) Importer(815301076,1909f56bfc062723c751e8b465ee728b)  -> (artifact id: '33cb0ac12552feddd9e242e2e2c17ae6') in 0.024658 seconds 
========================================================================
Received Import Request.
  Time since last request: 0.000203 seconds.
  path: Assets/Art/TopDownCharacter/Character/Character_RollUpRight.png
  artifactKey: Guid(c593122c2c00da249920007f92c799b3) Importer(815301076,1909f56bfc062723c751e8b465ee728b)
Start importing Assets/Art/TopDownCharacter/Character/Character_RollUpRight.png using Guid(c593122c2c00da249920007f92c799b3) Importer(815301076,1909f56bfc062723c751e8b465ee728b)  -> (artifact id: 'd9379a15df70ed73735e776f9e826449') in 0.031634 seconds 
========================================================================
Received Import Request.
  Time since last request: 0.000161 seconds.
  path: Assets/Art/TopDownCharacter/Character/Character_RollUpLeft.png
  artifactKey: Guid(276eed24110339d4c9079f78c693591b) Importer(815301076,1909f56bfc062723c751e8b465ee728b)
Start importing Assets/Art/TopDownCharacter/Character/Character_RollUpLeft.png using Guid(276eed24110339d4c9079f78c693591b) Importer(815301076,1909f56bfc062723c751e8b465ee728b)  -> (artifact id: '5c29fd1b430c4b387ef1bb4fb2941b54') in 0.023984 seconds 
========================================================================
Received Import Request.
  Time since last request: 0.000139 seconds.
  path: Assets/Art/TopDownCharacter/Character/Character_SlashUpLeft.png
  artifactKey: Guid(5bcf95847dc459b4aa20754b459a1b5c) Importer(815301076,1909f56bfc062723c751e8b465ee728b)
Start importing Assets/Art/TopDownCharacter/Character/Character_SlashUpLeft.png using Guid(5bcf95847dc459b4aa20754b459a1b5c) Importer(815301076,1909f56bfc062723c751e8b465ee728b)  -> (artifact id: '34054f618cab0673a58e8158f68af792') in 0.010209 seconds 
========================================================================
Received Import Request.
  Time since last request: 0.000157 seconds.
  path: Assets/Art/TopDownCharacter/Character/Character_Left.png
  artifactKey: Guid(35237d3f7b88a174ca36969a35c7a4b5) Importer(815301076,1909f56bfc062723c751e8b465ee728b)
Start importing Assets/Art/TopDownCharacter/Character/Character_Left.png using Guid(35237d3f7b88a174ca36969a35c7a4b5) Importer(815301076,1909f56bfc062723c751e8b465ee728b)  -> (artifact id: '62c47dc43f0227ff78a86858842919fd') in 0.033261 seconds 
========================================================================
Received Import Request.
  Time since last request: 0.000148 seconds.
  path: Assets/Art/TopDownCharacter/Character/Character_RollDownRight.png
  artifactKey: Guid(e588bb749963f9241a658eb52f5ebd14) Importer(815301076,1909f56bfc062723c751e8b465ee728b)
Start importing Assets/Art/TopDownCharacter/Character/Character_RollDownRight.png using Guid(e588bb749963f9241a658eb52f5ebd14) Importer(815301076,1909f56bfc062723c751e8b465ee728b)  -> (artifact id: '82b6710b1e42724727a64e58577be9b1') in 0.014795 seconds 
========================================================================
Received Import Request.
  Time since last request: 0.000153 seconds.
  path: Assets/Art/TopDownCharacter/Character/Character_UpRight.png
  artifactKey: Guid(d9423b9efe03c1a4d844430cc1ca2b32) Importer(815301076,1909f56bfc062723c751e8b465ee728b)
Start importing Assets/Art/TopDownCharacter/Character/Character_UpRight.png using Guid(d9423b9efe03c1a4d844430cc1ca2b32) Importer(815301076,1909f56bfc062723c751e8b465ee728b)  -> (artifact id: 'b1de0fa44187c17ae8990c49ec50a93b') in 0.012807 seconds 
========================================================================
Received Import Request.
  Time since last request: 0.000174 seconds.
  path: Assets/Art/TopDownCharacter/Character/Character_DownRight.png
  artifactKey: Guid(39783dcf0167ee842980bb1184097630) Importer(815301076,1909f56bfc062723c751e8b465ee728b)
Start importing Assets/Art/TopDownCharacter/Character/Character_DownRight.png using Guid(39783dcf0167ee842980bb1184097630) Importer(815301076,1909f56bfc062723c751e8b465ee728b)  -> (artifact id: '6c23f300edc2ba2e493edc0c126e16fd') in 0.011514 seconds 
========================================================================
Received Import Request.
  Time since last request: 0.000130 seconds.
  path: Assets/Art/TopDownCharacter/Character/Character_RollDown.png
  artifactKey: Guid(3416c9af242fec64abda178a8cb21326) Importer(815301076,1909f56bfc062723c751e8b465ee728b)
Start importing Assets/Art/TopDownCharacter/Character/Character_RollDown.png using Guid(3416c9af242fec64abda178a8cb21326) Importer(815301076,1909f56bfc062723c751e8b465ee728b)  -> (artifact id: 'b3e1a74d3c7ee0875958d1e0bef70fbe') in 0.019699 seconds 
========================================================================
Received Import Request.
  Time since last request: 0.000194 seconds.
  path: Assets/Art/TopDownCharacter/Character/Character_Right.png
  artifactKey: Guid(43d97f9ffec03ce45a70fa6cc2f61667) Importer(815301076,1909f56bfc062723c751e8b465ee728b)
Start importing Assets/Art/TopDownCharacter/Character/Character_Right.png using Guid(43d97f9ffec03ce45a70fa6cc2f61667) Importer(815301076,1909f56bfc062723c751e8b465ee728b)  -> (artifact id: 'ed9d65896f582011a22bfa8e2d551886') in 0.016496 seconds 
========================================================================
Received Import Request.
  Time since last request: 0.000148 seconds.
  path: Assets/Art/TopDownCharacter/Character/Character_RollUp.png
  artifactKey: Guid(5be9e4d05880cf04489925bcf0cbf91b) Importer(815301076,1909f56bfc062723c751e8b465ee728b)
Start importing Assets/Art/TopDownCharacter/Character/Character_RollUp.png using Guid(5be9e4d05880cf04489925bcf0cbf91b) Importer(815301076,1909f56bfc062723c751e8b465ee728b)  -> (artifact id: 'b1abe0d1c23d89dbfeb0234779efe02c') in 0.015764 seconds 
========================================================================
Received Import Request.
  Time since last request: 0.000144 seconds.
  path: Assets/Art/TopDownCharacter/Character/Character_SlashDownLeft.png
  artifactKey: Guid(7fd8be97bed674847b2d396159b3bc08) Importer(815301076,1909f56bfc062723c751e8b465ee728b)
Start importing Assets/Art/TopDownCharacter/Character/Character_SlashDownLeft.png using Guid(7fd8be97bed674847b2d396159b3bc08) Importer(815301076,1909f56bfc062723c751e8b465ee728b)  -> (artifact id: '28f161ea7317581ed7d91782e22782bf') in 0.017167 seconds 
========================================================================
Received Import Request.
  Time since last request: 0.000141 seconds.
  path: Assets/Art/TopDownCharacter/Character/Character_RollRight.png
  artifactKey: Guid(5ea55d585ac1e3443b40fe8f4a26aa62) Importer(815301076,1909f56bfc062723c751e8b465ee728b)
Start importing Assets/Art/TopDownCharacter/Character/Character_RollRight.png using Guid(5ea55d585ac1e3443b40fe8f4a26aa62) Importer(815301076,1909f56bfc062723c751e8b465ee728b)  -> (artifact id: '5795db299d093a6610e9296c7aedcad7') in 0.019609 seconds 
========================================================================
Received Import Request.
  Time since last request: 0.000134 seconds.
  path: Assets/Art/TopDownCharacter/Character/Character_UpLeft.png
  artifactKey: Guid(cc799f93566cb1a46a3bbedab4347fe3) Importer(815301076,1909f56bfc062723c751e8b465ee728b)
Start importing Assets/Art/TopDownCharacter/Character/Character_UpLeft.png using Guid(cc799f93566cb1a46a3bbedab4347fe3) Importer(815301076,1909f56bfc062723c751e8b465ee728b)  -> (artifact id: '6794ceb46abb12b2f967420b732ddbf9') in 0.015083 seconds 
========================================================================
Received Import Request.
  Time since last request: 0.000129 seconds.
  path: Assets/Art/TopDownCharacter/Character/Character_SlashUpRight.png
  artifactKey: Guid(3778a29854e047546b11e9fefebd0d85) Importer(815301076,1909f56bfc062723c751e8b465ee728b)
Start importing Assets/Art/TopDownCharacter/Character/Character_SlashUpRight.png using Guid(3778a29854e047546b11e9fefebd0d85) Importer(815301076,1909f56bfc062723c751e8b465ee728b)  -> (artifact id: '09c432190eb9164831f2fafae6c20a34') in 0.013213 seconds 
========================================================================
Received Import Request.
  Time since last request: 0.000128 seconds.
  path: Assets/Art/TopDownCharacter/Character/Character_RollDownLeft.png
  artifactKey: Guid(84e81df7cf5d3c04abd9d94f73ff7af6) Importer(815301076,1909f56bfc062723c751e8b465ee728b)
Start importing Assets/Art/TopDownCharacter/Character/Character_RollDownLeft.png using Guid(84e81df7cf5d3c04abd9d94f73ff7af6) Importer(815301076,1909f56bfc062723c751e8b465ee728b)  -> (artifact id: '5797ba72ba96a4a93dca2fc23b359355') in 0.019012 seconds 
========================================================================
Received Import Request.
  Time since last request: 0.000127 seconds.
  path: Assets/Art/TopDownCharacter/Character/Character_DownLeft.png
  artifactKey: Guid(9c3cc6a8af1397b43aa61198367aacc8) Importer(815301076,1909f56bfc062723c751e8b465ee728b)
Start importing Assets/Art/TopDownCharacter/Character/Character_DownLeft.png using Guid(9c3cc6a8af1397b43aa61198367aacc8) Importer(815301076,1909f56bfc062723c751e8b465ee728b)  -> (artifact id: 'ebe9b07735a779076aff3a7af0f6520d') in 0.012223 seconds 
========================================================================
Received Import Request.
  Time since last request: 99.395232 seconds.
  path: Assets/Art/TopDownCharacter/Weapon/Sword_DownLeft.png
  artifactKey: Guid(a558163796647b646b7d24b593fe69f8) Importer(815301076,1909f56bfc062723c751e8b465ee728b)
Start importing Assets/Art/TopDownCharacter/Weapon/Sword_DownLeft.png using Guid(a558163796647b646b7d24b593fe69f8) Importer(815301076,1909f56bfc062723c751e8b465ee728b)  -> (artifact id: '859eb7869bdb7e9d5e8614a3d6d2fd83') in 0.011192 seconds 
========================================================================
Received Import Request.
  Time since last request: 0.000159 seconds.
  path: Assets/Art/TopDownCharacter/Weapon/Sword_UpLeft.png
  artifactKey: Guid(e3549b8414d96b042ab0855cf292ec7c) Importer(815301076,1909f56bfc062723c751e8b465ee728b)
Start importing Assets/Art/TopDownCharacter/Weapon/Sword_UpLeft.png using Guid(e3549b8414d96b042ab0855cf292ec7c) Importer(815301076,1909f56bfc062723c751e8b465ee728b)  -> (artifact id: '3307216fcfb97b79138d8a7ecad8fea0') in 0.014207 seconds 
========================================================================
Received Import Request.
  Time since last request: 0.000152 seconds.
  path: Assets/Art/TopDownCharacter/Weapon/Sword_DownRight.png
  artifactKey: Guid(7cfa537ff59e6524caab2557ed6301d3) Importer(815301076,1909f56bfc062723c751e8b465ee728b)
Start importing Assets/Art/TopDownCharacter/Weapon/Sword_DownRight.png using Guid(7cfa537ff59e6524caab2557ed6301d3) Importer(815301076,1909f56bfc062723c751e8b465ee728b)  -> (artifact id: '7af6c7a969797d6455f239c81deaff30') in 0.014143 seconds 
========================================================================
Received Import Request.
  Time since last request: 0.000129 seconds.
  path: Assets/Art/TopDownCharacter/Weapon/Sword_UpRight.png
  artifactKey: Guid(06900437242954f4b8d89e85dd4cab96) Importer(815301076,1909f56bfc062723c751e8b465ee728b)
Start importing Assets/Art/TopDownCharacter/Weapon/Sword_UpRight.png using Guid(06900437242954f4b8d89e85dd4cab96) Importer(815301076,1909f56bfc062723c751e8b465ee728b)  -> (artifact id: '92d03f202ad44d1bbff55b8df2b2f2c8') in 0.013932 seconds 
========================================================================
Received Import Request.
  Time since last request: 76.747234 seconds.
  path: Assets/Art/TopDownCharacter/Character/Character_Left.png
  artifactKey: Guid(35237d3f7b88a174ca36969a35c7a4b5) Importer(815301076,1909f56bfc062723c751e8b465ee728b)
Start importing Assets/Art/TopDownCharacter/Character/Character_Left.png using Guid(35237d3f7b88a174ca36969a35c7a4b5) Importer(815301076,1909f56bfc062723c751e8b465ee728b)  -> (artifact id: 'ff2a31546e6d8bf2388533880d7b8806') in 0.008935 seconds 
========================================================================
Received Import Request.
  Time since last request: 0.000134 seconds.
  path: Assets/Art/TopDownCharacter/Character/Character_RollLeft.png
  artifactKey: Guid(4a1537596dcda904abfb1116003b8126) Importer(815301076,1909f56bfc062723c751e8b465ee728b)
Start importing Assets/Art/TopDownCharacter/Character/Character_RollLeft.png using Guid(4a1537596dcda904abfb1116003b8126) Importer(815301076,1909f56bfc062723c751e8b465ee728b)  -> (artifact id: '7eec1257a3ee53cd59dce254634b4651') in 0.024884 seconds 
========================================================================
Received Import Request.
  Time since last request: 0.000183 seconds.
  path: Assets/Art/TopDownCharacter/Character/Character_RollUpRight.png
  artifactKey: Guid(c593122c2c00da249920007f92c799b3) Importer(815301076,1909f56bfc062723c751e8b465ee728b)
Start importing Assets/Art/TopDownCharacter/Character/Character_RollUpRight.png using Guid(c593122c2c00da249920007f92c799b3) Importer(815301076,1909f56bfc062723c751e8b465ee728b)  -> (artifact id: 'c2b055ac4da291b1d53b1d6458239ab9') in 0.013083 seconds 
========================================================================
Received Import Request.
  Time since last request: 0.000143 seconds.
  path: Assets/Art/TopDownCharacter/Character/Character_RollUpLeft.png
  artifactKey: Guid(276eed24110339d4c9079f78c693591b) Importer(815301076,1909f56bfc062723c751e8b465ee728b)
Start importing Assets/Art/TopDownCharacter/Character/Character_RollUpLeft.png using Guid(276eed24110339d4c9079f78c693591b) Importer(815301076,1909f56bfc062723c751e8b465ee728b)  -> (artifact id: '08f9b56c981ff9885fd4cb663d8ab80c') in 0.009354 seconds 
========================================================================
Received Import Request.
  Time since last request: 0.000164 seconds.
  path: Assets/Art/TopDownCharacter/Character/Character_RollDownRight.png
  artifactKey: Guid(e588bb749963f9241a658eb52f5ebd14) Importer(815301076,1909f56bfc062723c751e8b465ee728b)
Start importing Assets/Art/TopDownCharacter/Character/Character_RollDownRight.png using Guid(e588bb749963f9241a658eb52f5ebd14) Importer(815301076,1909f56bfc062723c751e8b465ee728b)  -> (artifact id: '28bcadbdf662c47e1ffc129a0b3d031b') in 0.019444 seconds 
========================================================================
Received Import Request.
  Time since last request: 0.000160 seconds.
  path: Assets/Art/TopDownCharacter/Character/Character_RollDown.png
  artifactKey: Guid(3416c9af242fec64abda178a8cb21326) Importer(815301076,1909f56bfc062723c751e8b465ee728b)
Start importing Assets/Art/TopDownCharacter/Character/Character_RollDown.png using Guid(3416c9af242fec64abda178a8cb21326) Importer(815301076,1909f56bfc062723c751e8b465ee728b)  -> (artifact id: '72418afe4f8aeed2ceb0d678b13c4ad6') in 0.019796 seconds 
========================================================================
Received Import Request.
  Time since last request: 0.000208 seconds.
  path: Assets/Art/TopDownCharacter/Character/Character_Right.png
  artifactKey: Guid(43d97f9ffec03ce45a70fa6cc2f61667) Importer(815301076,1909f56bfc062723c751e8b465ee728b)
Start importing Assets/Art/TopDownCharacter/Character/Character_Right.png using Guid(43d97f9ffec03ce45a70fa6cc2f61667) Importer(815301076,1909f56bfc062723c751e8b465ee728b)  -> (artifact id: '7a3918aa6465bcc821e66b77feb2d842') in 0.010482 seconds 
========================================================================
Received Import Request.
  Time since last request: 0.000124 seconds.
  path: Assets/Art/TopDownCharacter/Character/Character_RollUp.png
  artifactKey: Guid(5be9e4d05880cf04489925bcf0cbf91b) Importer(815301076,1909f56bfc062723c751e8b465ee728b)
Start importing Assets/Art/TopDownCharacter/Character/Character_RollUp.png using Guid(5be9e4d05880cf04489925bcf0cbf91b) Importer(815301076,1909f56bfc062723c751e8b465ee728b)  -> (artifact id: '4fbce4e14ca42f633d5ba9abeb0d2351') in 0.037506 seconds 
========================================================================
Received Import Request.
  Time since last request: 0.000219 seconds.
  path: Assets/Art/TopDownCharacter/Character/Character_RollRight.png
  artifactKey: Guid(5ea55d585ac1e3443b40fe8f4a26aa62) Importer(815301076,1909f56bfc062723c751e8b465ee728b)
Start importing Assets/Art/TopDownCharacter/Character/Character_RollRight.png using Guid(5ea55d585ac1e3443b40fe8f4a26aa62) Importer(815301076,1909f56bfc062723c751e8b465ee728b)  -> (artifact id: '5de60f7a3de56042e6293c11fa281df2') in 0.013679 seconds 
========================================================================
Received Import Request.
  Time since last request: 0.000132 seconds.
  path: Assets/Art/TopDownCharacter/Character/Character_RollDownLeft.png
  artifactKey: Guid(84e81df7cf5d3c04abd9d94f73ff7af6) Importer(815301076,1909f56bfc062723c751e8b465ee728b)
Start importing Assets/Art/TopDownCharacter/Character/Character_RollDownLeft.png using Guid(84e81df7cf5d3c04abd9d94f73ff7af6) Importer(815301076,1909f56bfc062723c751e8b465ee728b)  -> (artifact id: '83362a0ee54fec21c22f8becb86decfc') in 0.009802 seconds 
========================================================================
Received Import Request.
  Time since last request: 2.384530 seconds.
  path: Assets/Art/TopDownCharacter/Character/Character_SlashDownLeft.png
  artifactKey: Guid(7fd8be97bed674847b2d396159b3bc08) Importer(815301076,1909f56bfc062723c751e8b465ee728b)
Start importing Assets/Art/TopDownCharacter/Character/Character_SlashDownLeft.png using Guid(7fd8be97bed674847b2d396159b3bc08) Importer(815301076,1909f56bfc062723c751e8b465ee728b)  -> (artifact id: '6bd781224fcae0c7cc7ee9404e7c3f0f') in 0.008169 seconds 
========================================================================
Received Import Request.
  Time since last request: 0.015982 seconds.
  path: Assets/Art/TopDownCharacter/Character/Character_SlashDownRight.png
  artifactKey: Guid(baa33eeaa8abed2459c51bbdcd958ee7) Importer(815301076,1909f56bfc062723c751e8b465ee728b)
Start importing Assets/Art/TopDownCharacter/Character/Character_SlashDownRight.png using Guid(baa33eeaa8abed2459c51bbdcd958ee7) Importer(815301076,1909f56bfc062723c751e8b465ee728b)  -> (artifact id: '8bf3ed2db112cda678bad83c759e7374') in 0.010518 seconds 
========================================================================
Received Import Request.
  Time since last request: 0.014249 seconds.
  path: Assets/Art/TopDownCharacter/Character/Character_SlashUpLeft.png
  artifactKey: Guid(5bcf95847dc459b4aa20754b459a1b5c) Importer(815301076,1909f56bfc062723c751e8b465ee728b)
Start importing Assets/Art/TopDownCharacter/Character/Character_SlashUpLeft.png using Guid(5bcf95847dc459b4aa20754b459a1b5c) Importer(815301076,1909f56bfc062723c751e8b465ee728b)  -> (artifact id: '2c38be910133ae2829a5c5d09dc35f43') in 0.008603 seconds 
========================================================================
Received Import Request.
  Time since last request: 0.211404 seconds.
  path: Assets/Art/TopDownCharacter/Character/Character_SlashUpRight.png
  artifactKey: Guid(3778a29854e047546b11e9fefebd0d85) Importer(815301076,1909f56bfc062723c751e8b465ee728b)
Start importing Assets/Art/TopDownCharacter/Character/Character_SlashUpRight.png using Guid(3778a29854e047546b11e9fefebd0d85) Importer(815301076,1909f56bfc062723c751e8b465ee728b)  -> (artifact id: 'd98e603719929f95ee30bd7ede58af76') in 0.011197 seconds 
========================================================================
Received Import Request.
  Time since last request: 0.020842 seconds.
  path: Assets/Art/TopDownCharacter/Character/Character_Up.png
  artifactKey: Guid(86086a0ce139e5246b4612204f920d56) Importer(815301076,1909f56bfc062723c751e8b465ee728b)
Start importing Assets/Art/TopDownCharacter/Character/Character_Up.png using Guid(86086a0ce139e5246b4612204f920d56) Importer(815301076,1909f56bfc062723c751e8b465ee728b)  -> (artifact id: '9ec27b333c9c2a03bad064396443ddc8') in 0.011306 seconds 
========================================================================
Received Import Request.
  Time since last request: 0.000127 seconds.
  path: Assets/Art/TopDownCharacter/Character/Character_UpLeft.png
  artifactKey: Guid(cc799f93566cb1a46a3bbedab4347fe3) Importer(815301076,1909f56bfc062723c751e8b465ee728b)
Start importing Assets/Art/TopDownCharacter/Character/Character_UpLeft.png using Guid(cc799f93566cb1a46a3bbedab4347fe3) Importer(815301076,1909f56bfc062723c751e8b465ee728b)  -> (artifact id: 'cf9e8bb48bc175cc25fb20be43d63477') in 0.007479 seconds 
========================================================================
Received Import Request.
  Time since last request: 0.010042 seconds.
  path: Assets/Art/TopDownCharacter/Character/Character_UpRight.png
  artifactKey: Guid(d9423b9efe03c1a4d844430cc1ca2b32) Importer(815301076,1909f56bfc062723c751e8b465ee728b)
Start importing Assets/Art/TopDownCharacter/Character/Character_UpRight.png using Guid(d9423b9efe03c1a4d844430cc1ca2b32) Importer(815301076,1909f56bfc062723c751e8b465ee728b)  -> (artifact id: 'b263f0aa24e8b1f15cfe3d6dbb037fee') in 0.009413 seconds 
========================================================================
Received Import Request.
  Time since last request: 0.999204 seconds.
  path: Assets/Art/TopDownCharacter/Character/Character_DownRight.png
  artifactKey: Guid(39783dcf0167ee842980bb1184097630) Importer(815301076,1909f56bfc062723c751e8b465ee728b)
Start importing Assets/Art/TopDownCharacter/Character/Character_DownRight.png using Guid(39783dcf0167ee842980bb1184097630) Importer(815301076,1909f56bfc062723c751e8b465ee728b)  -> (artifact id: '2637ed48004735017531aa3cb75ffb6c') in 0.008698 seconds 
========================================================================
Received Import Request.
  Time since last request: 0.203526 seconds.
  path: Assets/Art/TopDownCharacter/Character/Character_DownLeft.png
  artifactKey: Guid(9c3cc6a8af1397b43aa61198367aacc8) Importer(815301076,1909f56bfc062723c751e8b465ee728b)
Start importing Assets/Art/TopDownCharacter/Character/Character_DownLeft.png using Guid(9c3cc6a8af1397b43aa61198367aacc8) Importer(815301076,1909f56bfc062723c751e8b465ee728b)  -> (artifact id: '3c9501ad419cc640cae76283e91382ba') in 0.008641 seconds 
========================================================================
Received Import Request.
  Time since last request: 0.008669 seconds.
  path: Assets/Art/TopDownCharacter/Character/Character_Down.png
  artifactKey: Guid(8061b0002dffb5f43951a3802f2f41d6) Importer(815301076,1909f56bfc062723c751e8b465ee728b)
Start importing Assets/Art/TopDownCharacter/Character/Character_Down.png using Guid(8061b0002dffb5f43951a3802f2f41d6) Importer(815301076,1909f56bfc062723c751e8b465ee728b)  -> (artifact id: '16812af43a06262f141c879d3fe6d980') in 0.009375 seconds 
========================================================================
Received Import Request.
  Time since last request: 76.200221 seconds.
  path: Assets/Art/TopDownCharacter/Character/Character_Down.png
  artifactKey: Guid(8061b0002dffb5f43951a3802f2f41d6) Importer(815301076,1909f56bfc062723c751e8b465ee728b)
Start importing Assets/Art/TopDownCharacter/Character/Character_Down.png using Guid(8061b0002dffb5f43951a3802f2f41d6) Importer(815301076,1909f56bfc062723c751e8b465ee728b)  -> (artifact id: 'bd961af310ceb1b88d1b6523ab396411') in 0.019923 seconds 
========================================================================
Received Import Request.
  Time since last request: 45.604909 seconds.
  path: Assets/Art/TopDownCharacter/Character/Character_DownLeft.png
  artifactKey: Guid(9c3cc6a8af1397b43aa61198367aacc8) Importer(815301076,1909f56bfc062723c751e8b465ee728b)
Start importing Assets/Art/TopDownCharacter/Character/Character_DownLeft.png using Guid(9c3cc6a8af1397b43aa61198367aacc8) Importer(815301076,1909f56bfc062723c751e8b465ee728b)  -> (artifact id: 'a9873b9c1609edc22ec59dbf6a1bb6d2') in 0.032851 seconds 
========================================================================
Received Import Request.
  Time since last request: 5.907158 seconds.
  path: Assets/Art/TopDownCharacter/Character/Character_DownRight.png
  artifactKey: Guid(39783dcf0167ee842980bb1184097630) Importer(815301076,1909f56bfc062723c751e8b465ee728b)
Start importing Assets/Art/TopDownCharacter/Character/Character_DownRight.png using Guid(39783dcf0167ee842980bb1184097630) Importer(815301076,1909f56bfc062723c751e8b465ee728b)  -> (artifact id: '7f8587e21dad1eae2ba741ab4e75229e') in 0.029633 seconds 
========================================================================
Received Import Request.
  Time since last request: 10.102195 seconds.
  path: Assets/Art/TopDownCharacter/Character/Character_Left.png
  artifactKey: Guid(35237d3f7b88a174ca36969a35c7a4b5) Importer(815301076,1909f56bfc062723c751e8b465ee728b)
Start importing Assets/Art/TopDownCharacter/Character/Character_Left.png using Guid(35237d3f7b88a174ca36969a35c7a4b5) Importer(815301076,1909f56bfc062723c751e8b465ee728b)  -> (artifact id: '242cfe0cbbdafbd28622068be17fc025') in 0.025787 seconds 
========================================================================
Received Import Request.
  Time since last request: 3.608935 seconds.
  path: Assets/Art/TopDownCharacter/Character/Character_Right.png
  artifactKey: Guid(43d97f9ffec03ce45a70fa6cc2f61667) Importer(815301076,1909f56bfc062723c751e8b465ee728b)
Start importing Assets/Art/TopDownCharacter/Character/Character_Right.png using Guid(43d97f9ffec03ce45a70fa6cc2f61667) Importer(815301076,1909f56bfc062723c751e8b465ee728b)  -> (artifact id: '4bec9427b41619ab2ea93192893d17e1') in 0.028226 seconds 
========================================================================
Received Import Request.
  Time since last request: 3.240760 seconds.
  path: Assets/Art/TopDownCharacter/Character/Character_RollDown.png
  artifactKey: Guid(3416c9af242fec64abda178a8cb21326) Importer(815301076,1909f56bfc062723c751e8b465ee728b)
Start importing Assets/Art/TopDownCharacter/Character/Character_RollDown.png using Guid(3416c9af242fec64abda178a8cb21326) Importer(815301076,1909f56bfc062723c751e8b465ee728b)  -> (artifact id: '589d442806eeb882381e746fa434c1a3') in 0.019122 seconds 
========================================================================
Received Import Request.
  Time since last request: 4.166248 seconds.
  path: Assets/Art/TopDownCharacter/Character/Character_RollDownLeft.png
  artifactKey: Guid(84e81df7cf5d3c04abd9d94f73ff7af6) Importer(815301076,1909f56bfc062723c751e8b465ee728b)
Start importing Assets/Art/TopDownCharacter/Character/Character_RollDownLeft.png using Guid(84e81df7cf5d3c04abd9d94f73ff7af6) Importer(815301076,1909f56bfc062723c751e8b465ee728b)  -> (artifact id: '788180b8c36386d8800f3774a126028e') in 0.019517 seconds 
========================================================================
Received Import Request.
  Time since last request: 3.036572 seconds.
  path: Assets/Art/TopDownCharacter/Character/Character_RollDownRight.png
  artifactKey: Guid(e588bb749963f9241a658eb52f5ebd14) Importer(815301076,1909f56bfc062723c751e8b465ee728b)
Start importing Assets/Art/TopDownCharacter/Character/Character_RollDownRight.png using Guid(e588bb749963f9241a658eb52f5ebd14) Importer(815301076,1909f56bfc062723c751e8b465ee728b)  -> (artifact id: '4e0cd8014666c8ab8158e70ce559d96e') in 0.030469 seconds 
========================================================================
Received Import Request.
  Time since last request: 2.915672 seconds.
  path: Assets/Art/TopDownCharacter/Character/Character_RollLeft.png
  artifactKey: Guid(4a1537596dcda904abfb1116003b8126) Importer(815301076,1909f56bfc062723c751e8b465ee728b)
Start importing Assets/Art/TopDownCharacter/Character/Character_RollLeft.png using Guid(4a1537596dcda904abfb1116003b8126) Importer(815301076,1909f56bfc062723c751e8b465ee728b)  -> (artifact id: 'e7ddcf56b9dab224f844364c23557139') in 0.025919 seconds 
========================================================================
Received Import Request.
  Time since last request: 2.871834 seconds.
  path: Assets/Art/TopDownCharacter/Character/Character_RollRight.png
  artifactKey: Guid(5ea55d585ac1e3443b40fe8f4a26aa62) Importer(815301076,1909f56bfc062723c751e8b465ee728b)
Start importing Assets/Art/TopDownCharacter/Character/Character_RollRight.png using Guid(5ea55d585ac1e3443b40fe8f4a26aa62) Importer(815301076,1909f56bfc062723c751e8b465ee728b)  -> (artifact id: 'c6fa4f58f9450e12b015924ed96c750b') in 0.031035 seconds 
========================================================================
Received Import Request.
  Time since last request: 2.802246 seconds.
  path: Assets/Art/TopDownCharacter/Character/Character_RollUp.png
  artifactKey: Guid(5be9e4d05880cf04489925bcf0cbf91b) Importer(815301076,1909f56bfc062723c751e8b465ee728b)
Start importing Assets/Art/TopDownCharacter/Character/Character_RollUp.png using Guid(5be9e4d05880cf04489925bcf0cbf91b) Importer(815301076,1909f56bfc062723c751e8b465ee728b)  -> (artifact id: '71f72825ee70ee4c8c09f870b8a3454e') in 0.031187 seconds 
========================================================================
Received Import Request.
  Time since last request: 3.906531 seconds.
  path: Assets/Art/TopDownCharacter/Character/Character_RollUpLeft.png
  artifactKey: Guid(276eed24110339d4c9079f78c693591b) Importer(815301076,1909f56bfc062723c751e8b465ee728b)
Start importing Assets/Art/TopDownCharacter/Character/Character_RollUpLeft.png using Guid(276eed24110339d4c9079f78c693591b) Importer(815301076,1909f56bfc062723c751e8b465ee728b)  -> (artifact id: '9a94e36f6a4b04cc4e69de74888f9e6a') in 0.032096 seconds 
========================================================================
Received Import Request.
  Time since last request: 2.746874 seconds.
  path: Assets/Art/TopDownCharacter/Character/Character_RollUpRight.png
  artifactKey: Guid(c593122c2c00da249920007f92c799b3) Importer(815301076,1909f56bfc062723c751e8b465ee728b)
Start importing Assets/Art/TopDownCharacter/Character/Character_RollUpRight.png using Guid(c593122c2c00da249920007f92c799b3) Importer(815301076,1909f56bfc062723c751e8b465ee728b)  -> (artifact id: '8fc9163372041648617fe9f234eeaeaa') in 0.014787 seconds 
========================================================================
Received Import Request.
  Time since last request: 2.563879 seconds.
  path: Assets/Art/TopDownCharacter/Character/Character_SlashDownLeft.png
  artifactKey: Guid(7fd8be97bed674847b2d396159b3bc08) Importer(815301076,1909f56bfc062723c751e8b465ee728b)
Start importing Assets/Art/TopDownCharacter/Character/Character_SlashDownLeft.png using Guid(7fd8be97bed674847b2d396159b3bc08) Importer(815301076,1909f56bfc062723c751e8b465ee728b)  -> (artifact id: '6376830775e129488824baa0d7a33c88') in 0.027823 seconds 
========================================================================
Received Import Request.
  Time since last request: 3.070079 seconds.
  path: Assets/Art/TopDownCharacter/Character/Character_SlashDownRight.png
  artifactKey: Guid(baa33eeaa8abed2459c51bbdcd958ee7) Importer(815301076,1909f56bfc062723c751e8b465ee728b)
Start importing Assets/Art/TopDownCharacter/Character/Character_SlashDownRight.png using Guid(baa33eeaa8abed2459c51bbdcd958ee7) Importer(815301076,1909f56bfc062723c751e8b465ee728b)  -> (artifact id: '6a8fcc79509fe3692010e9e1d8d9f5aa') in 0.029719 seconds 
========================================================================
Received Import Request.
  Time since last request: 2.859000 seconds.
  path: Assets/Art/TopDownCharacter/Character/Character_SlashUpLeft.png
  artifactKey: Guid(5bcf95847dc459b4aa20754b459a1b5c) Importer(815301076,1909f56bfc062723c751e8b465ee728b)
Start importing Assets/Art/TopDownCharacter/Character/Character_SlashUpLeft.png using Guid(5bcf95847dc459b4aa20754b459a1b5c) Importer(815301076,1909f56bfc062723c751e8b465ee728b)  -> (artifact id: 'd914a7146b1084e83c3fefd03935b3a9') in 0.028963 seconds 
========================================================================
Received Import Request.
  Time since last request: 2.396927 seconds.
  path: Assets/Art/TopDownCharacter/Character/Character_SlashUpRight.png
  artifactKey: Guid(3778a29854e047546b11e9fefebd0d85) Importer(815301076,1909f56bfc062723c751e8b465ee728b)
Start importing Assets/Art/TopDownCharacter/Character/Character_SlashUpRight.png using Guid(3778a29854e047546b11e9fefebd0d85) Importer(815301076,1909f56bfc062723c751e8b465ee728b)  -> (artifact id: 'b51b927975a8d3d07ac24bc5a1724bea') in 0.020435 seconds 
========================================================================
Received Import Request.
  Time since last request: 2.652979 seconds.
  path: Assets/Art/TopDownCharacter/Character/Character_Up.png
  artifactKey: Guid(86086a0ce139e5246b4612204f920d56) Importer(815301076,1909f56bfc062723c751e8b465ee728b)
Start importing Assets/Art/TopDownCharacter/Character/Character_Up.png using Guid(86086a0ce139e5246b4612204f920d56) Importer(815301076,1909f56bfc062723c751e8b465ee728b)  -> (artifact id: 'c695289e0517a708db69407d76c13bf7') in 0.012053 seconds 
========================================================================
Received Import Request.
  Time since last request: 3.462454 seconds.
  path: Assets/Art/TopDownCharacter/Character/Character_UpLeft.png
  artifactKey: Guid(cc799f93566cb1a46a3bbedab4347fe3) Importer(815301076,1909f56bfc062723c751e8b465ee728b)
Start importing Assets/Art/TopDownCharacter/Character/Character_UpLeft.png using Guid(cc799f93566cb1a46a3bbedab4347fe3) Importer(815301076,1909f56bfc062723c751e8b465ee728b)  -> (artifact id: '20952f4df8fd7aa054d2e9cfb9c41ac2') in 0.031239 seconds 
========================================================================
Received Import Request.
  Time since last request: 2.840099 seconds.
  path: Assets/Art/TopDownCharacter/Character/Character_UpRight.png
  artifactKey: Guid(d9423b9efe03c1a4d844430cc1ca2b32) Importer(815301076,1909f56bfc062723c751e8b465ee728b)
Start importing Assets/Art/TopDownCharacter/Character/Character_UpRight.png using Guid(d9423b9efe03c1a4d844430cc1ca2b32) Importer(815301076,1909f56bfc062723c751e8b465ee728b)  -> (artifact id: '8ef72c09f07d06a572738115590a7835') in 0.030270 seconds 
========================================================================
Received Import Request.
  Time since last request: 54.263319 seconds.
  path: ProjectSettings/TagManager.asset
  artifactKey: Guid(00000000000000003000000000000000) Importer(815301076,1909f56bfc062723c751e8b465ee728b)
Start importing ProjectSettings/TagManager.asset using Guid(00000000000000003000000000000000) Importer(815301076,1909f56bfc062723c751e8b465ee728b)  -> (artifact id: '95df672b4aaba54310d34c83eef51bb8') in 0.006918 seconds 
AssetImportWorkerClient::OnTransportError - code=2 error=End of file
